19:01:01.456 [main] INFO  c.s.a.DataArchiveToolApplication - [logStarting,55] - Starting DataArchiveToolApplication on pengchengdeMacBook-Pro.local with PID 4840 (/Users/pengcheng/code/idea/framework/data-archive-tool-main/target/classes started by pengcheng in /Users/pengcheng/code/idea/framework/data-archive-tool-main)
19:01:01.473 [main] INFO  c.s.a.DataArchiveToolApplication - [logStartupProfileInfo,651] - No active profile set, falling back to default profiles: default
19:01:02.880 [main] INFO  o.a.c.h.Http11NioProtocol - [log,173] - Initializing ProtocolHandler ["http-nio-8080"]
19:01:02.881 [main] INFO  o.a.c.c.StandardService - [log,173] - Starting service [Tomcat]
19:01:02.881 [main] INFO  o.a.c.c.StandardEngine - [log,173] - Starting Servlet engine: [Apache Tomcat/9.0.41]
19:01:02.965 [main] INFO  o.a.c.c.C.[.[.[/] - [log,173] - Initializing Spring embedded WebApplicationContext
19:01:04.017 [main] INFO  o.a.c.h.Http11NioProtocol - [log,173] - Starting ProtocolHandler ["http-nio-8080"]
19:01:04.053 [main] INFO  c.s.a.DataArchiveToolApplication - [logStarted,61] - Started DataArchiveToolApplication in 3.012 seconds (JVM running for 3.77)
19:04:14.775 [http-nio-8080-exec-2] INFO  o.a.c.c.C.[.[.[/] - [log,173] - Initializing Spring DispatcherServlet 'dispatcherServlet'
19:04:22.953 [http-nio-8080-exec-3] INFO  c.z.h.HikariDataSource - [getConnection,110] - HikariPool-1 - Starting...
19:04:23.554 [http-nio-8080-exec-3] INFO  c.z.h.HikariDataSource - [getConnection,123] - HikariPool-1 - Start completed.
19:12:08.606 [http-nio-8080-exec-5] INFO  c.s.a.t.g.GenerateArchiveTasksService - [generateArchiveTasks,60] - [BIZ] >>>>>>>>>>>>>>>> 成功生成1个归档任务
19:30:22.884 [SpringContextShutdownHook] INFO  c.z.h.HikariDataSource - [close,350] - HikariPool-1 - Shutdown initiated...
19:30:22.899 [SpringContextShutdownHook] INFO  c.z.h.HikariDataSource - [close,352] - HikariPool-1 - Shutdown completed.
19:30:30.630 [main] INFO  c.s.a.DataArchiveToolApplication - [logStarting,55] - Starting DataArchiveToolApplication on pengchengdeMacBook-Pro.local with PID 6487 (/Users/pengcheng/code/idea/framework/data-archive-tool-main/target/classes started by pengcheng in /Users/pengcheng/code/idea/framework/data-archive-tool-main)
19:30:30.632 [main] INFO  c.s.a.DataArchiveToolApplication - [logStartupProfileInfo,651] - No active profile set, falling back to default profiles: default
19:30:32.039 [main] INFO  o.a.c.h.Http11NioProtocol - [log,173] - Initializing ProtocolHandler ["http-nio-8080"]
19:30:32.040 [main] INFO  o.a.c.c.StandardService - [log,173] - Starting service [Tomcat]
19:30:32.041 [main] INFO  o.a.c.c.StandardEngine - [log,173] - Starting Servlet engine: [Apache Tomcat/9.0.41]
19:30:32.101 [main] INFO  o.a.c.c.C.[.[.[/] - [log,173] - Initializing Spring embedded WebApplicationContext
19:30:33.135 [main] INFO  o.a.c.h.Http11NioProtocol - [log,173] - Starting ProtocolHandler ["http-nio-8080"]
19:30:33.175 [main] INFO  c.s.a.DataArchiveToolApplication - [logStarted,61] - Started DataArchiveToolApplication in 2.913 seconds (JVM running for 3.631)
19:30:42.841 [http-nio-8080-exec-2] INFO  o.a.c.c.C.[.[.[/] - [log,173] - Initializing Spring DispatcherServlet 'dispatcherServlet'
19:30:42.888 [http-nio-8080-exec-2] INFO  c.z.h.HikariDataSource - [getConnection,110] - HikariPool-1 - Starting...
19:30:43.415 [http-nio-8080-exec-2] INFO  c.z.h.HikariDataSource - [getConnection,123] - HikariPool-1 - Start completed.
19:30:43.890 [http-nio-8080-exec-2] INFO  c.s.a.t.g.GenerateArchiveTasksService - [generateArchiveTasks,60] - [BIZ] >>>>>>>>>>>>>>>> 成功生成1个归档任务
19:34:25.202 [SpringContextShutdownHook] INFO  c.z.h.HikariDataSource - [close,350] - HikariPool-1 - Shutdown initiated...
19:34:25.228 [SpringContextShutdownHook] INFO  c.z.h.HikariDataSource - [close,352] - HikariPool-1 - Shutdown completed.
19:34:31.976 [main] INFO  c.s.a.DataArchiveToolApplication - [logStarting,55] - Starting DataArchiveToolApplication on pengchengdeMacBook-Pro.local with PID 6738 (/Users/pengcheng/code/idea/framework/data-archive-tool-main/target/classes started by pengcheng in /Users/pengcheng/code/idea/framework/data-archive-tool-main)
19:34:31.979 [main] INFO  c.s.a.DataArchiveToolApplication - [logStartupProfileInfo,651] - No active profile set, falling back to default profiles: default
19:34:33.511 [main] INFO  o.a.c.h.Http11NioProtocol - [log,173] - Initializing ProtocolHandler ["http-nio-8080"]
19:34:33.513 [main] INFO  o.a.c.c.StandardService - [log,173] - Starting service [Tomcat]
19:34:33.513 [main] INFO  o.a.c.c.StandardEngine - [log,173] - Starting Servlet engine: [Apache Tomcat/9.0.41]
19:34:33.583 [main] INFO  o.a.c.c.C.[.[.[/] - [log,173] - Initializing Spring embedded WebApplicationContext
19:34:34.716 [main] INFO  o.a.c.h.Http11NioProtocol - [log,173] - Starting ProtocolHandler ["http-nio-8080"]
19:34:34.752 [main] INFO  c.s.a.DataArchiveToolApplication - [logStarted,61] - Started DataArchiveToolApplication in 3.185 seconds (JVM running for 3.908)
19:42:59.823 [main] INFO  c.s.a.DataArchiveToolApplication - [logStarting,55] - Starting DataArchiveToolApplication on pengchengdeMacBook-Pro.local with PID 7225 (/Users/pengcheng/code/idea/framework/data-archive-tool-main/target/classes started by pengcheng in /Users/pengcheng/code/idea/framework/data-archive-tool-main)
19:42:59.826 [main] INFO  c.s.a.DataArchiveToolApplication - [logStartupProfileInfo,651] - No active profile set, falling back to default profiles: default
19:43:01.198 [main] INFO  o.a.c.h.Http11NioProtocol - [log,173] - Initializing ProtocolHandler ["http-nio-8080"]
19:43:01.199 [main] INFO  o.a.c.c.StandardService - [log,173] - Starting service [Tomcat]
19:43:01.200 [main] INFO  o.a.c.c.StandardEngine - [log,173] - Starting Servlet engine: [Apache Tomcat/9.0.41]
19:43:01.257 [main] INFO  o.a.c.c.C.[.[.[/] - [log,173] - Initializing Spring embedded WebApplicationContext
19:43:02.297 [main] INFO  o.a.c.h.Http11NioProtocol - [log,173] - Starting ProtocolHandler ["http-nio-8080"]
19:43:02.340 [main] INFO  c.s.a.DataArchiveToolApplication - [logStarted,61] - Started DataArchiveToolApplication in 2.888 seconds (JVM running for 3.604)
19:44:23.051 [http-nio-8080-exec-2] INFO  o.a.c.c.C.[.[.[/] - [log,173] - Initializing Spring DispatcherServlet 'dispatcherServlet'
19:44:23.099 [http-nio-8080-exec-2] INFO  c.z.h.HikariDataSource - [getConnection,110] - HikariPool-1 - Starting...
19:44:23.597 [http-nio-8080-exec-2] INFO  c.z.h.HikariDataSource - [getConnection,123] - HikariPool-1 - Start completed.
19:44:24.051 [http-nio-8080-exec-2] INFO  c.s.a.t.g.GenerateArchiveTasksService - [generateArchiveTasks,60] - [BIZ] >>>>>>>>>>>>>>>> 成功生成1个归档任务
19:46:39.551 [SpringContextShutdownHook] INFO  c.z.h.HikariDataSource - [close,350] - HikariPool-1 - Shutdown initiated...
19:46:39.583 [SpringContextShutdownHook] INFO  c.z.h.HikariDataSource - [close,352] - HikariPool-1 - Shutdown completed.
19:57:57.104 [main] INFO  c.s.a.DataArchiveToolApplication - [logStarting,55] - Starting DataArchiveToolApplication on pengchengdeMacBook-Pro.local with PID 8006 (/Users/pengcheng/code/idea/framework/data-archive-tool-main/target/classes started by pengcheng in /Users/pengcheng/code/idea/framework/data-archive-tool-main)
19:57:57.118 [main] INFO  c.s.a.DataArchiveToolApplication - [logStartupProfileInfo,651] - No active profile set, falling back to default profiles: default
19:57:58.680 [main] INFO  o.a.c.h.Http11NioProtocol - [log,173] - Initializing ProtocolHandler ["http-nio-8080"]
19:57:58.682 [main] INFO  o.a.c.c.StandardService - [log,173] - Starting service [Tomcat]
19:57:58.682 [main] INFO  o.a.c.c.StandardEngine - [log,173] - Starting Servlet engine: [Apache Tomcat/9.0.41]
19:57:58.747 [main] INFO  o.a.c.c.C.[.[.[/] - [log,173] - Initializing Spring embedded WebApplicationContext
19:58:00.007 [main] INFO  o.a.c.h.Http11NioProtocol - [log,173] - Starting ProtocolHandler ["http-nio-8080"]
19:58:00.048 [main] INFO  c.s.a.DataArchiveToolApplication - [logStarted,61] - Started DataArchiveToolApplication in 3.451 seconds (JVM running for 4.209)
19:59:27.605 [http-nio-8080-exec-2] INFO  o.a.c.c.C.[.[.[/] - [log,173] - Initializing Spring DispatcherServlet 'dispatcherServlet'
19:59:27.788 [http-nio-8080-exec-2] INFO  c.z.h.HikariDataSource - [getConnection,110] - HikariPool-1 - Starting...
19:59:28.327 [http-nio-8080-exec-2] INFO  c.z.h.HikariDataSource - [getConnection,123] - HikariPool-1 - Start completed.
19:59:28.487 [http-nio-8080-exec-2] INFO  c.s.a.t.e.ExecuteArchiveTasksService - [executeArchiveTasks,47] - [BIZ] 扫描到1条，需要执行的归档任务
19:59:28.946 [ForkJoinPool.commonPool-worker-1] INFO  c.s.a.t.e.ShellCommandActuator - [execCmd,146] - [BIZ] 开始执行Shell脚本：shellCmd:sh -c /Users/pengcheng/code/idea/framework/data-archive-tool-main/shell/8aee719f-7850-47e6-b4b2-240da91a8b8180.sh
20:12:11.506 [main] INFO  c.s.a.DataArchiveToolApplication - [logStarting,55] - Starting DataArchiveToolApplication on pengchengdeMacBook-Pro.local with PID 8900 (/Users/pengcheng/code/idea/framework/data-archive-tool-main/target/classes started by pengcheng in /Users/pengcheng/code/idea/framework/data-archive-tool-main)
20:12:11.510 [main] INFO  c.s.a.DataArchiveToolApplication - [logStartupProfileInfo,651] - No active profile set, falling back to default profiles: default
20:12:13.176 [main] INFO  o.a.c.h.Http11NioProtocol - [log,173] - Initializing ProtocolHandler ["http-nio-8080"]
20:12:13.178 [main] INFO  o.a.c.c.StandardService - [log,173] - Starting service [Tomcat]
20:12:13.178 [main] INFO  o.a.c.c.StandardEngine - [log,173] - Starting Servlet engine: [Apache Tomcat/9.0.41]
20:12:13.254 [main] INFO  o.a.c.c.C.[.[.[/] - [log,173] - Initializing Spring embedded WebApplicationContext
20:12:14.365 [main] INFO  o.a.c.h.Http11NioProtocol - [log,173] - Starting ProtocolHandler ["http-nio-8080"]
20:12:14.403 [main] INFO  c.s.a.DataArchiveToolApplication - [logStarted,61] - Started DataArchiveToolApplication in 3.388 seconds (JVM running for 4.174)
20:12:52.232 [http-nio-8080-exec-1] INFO  o.a.c.c.C.[.[.[/] - [log,173] - Initializing Spring DispatcherServlet 'dispatcherServlet'
20:12:52.291 [http-nio-8080-exec-1] INFO  c.z.h.HikariDataSource - [getConnection,110] - HikariPool-1 - Starting...
20:12:52.866 [http-nio-8080-exec-1] INFO  c.z.h.HikariDataSource - [getConnection,123] - HikariPool-1 - Start completed.
20:12:53.454 [http-nio-8080-exec-1] INFO  c.s.a.t.g.GenerateArchiveTasksService - [generateArchiveTasks,60] - [BIZ] >>>>>>>>>>>>>>>> 成功生成1个归档任务
20:13:37.683 [http-nio-8080-exec-3] INFO  c.s.a.t.e.ExecuteArchiveTasksService - [executeArchiveTasks,47] - [BIZ] 扫描到1条，需要执行的归档任务
20:13:38.096 [ForkJoinPool.commonPool-worker-1] INFO  c.s.a.t.e.ShellCommandActuator - [execCmd,146] - [BIZ] 开始执行Shell脚本：shellCmd:sh -c /Users/pengcheng/code/idea/framework/data-archive-tool-main/shell/8c866cf0-4941-4927-8ea1-6286efd4fb1a95.sh
20:13:49.821 [ForkJoinPool.commonPool-worker-1] INFO  c.s.a.t.e.ExecuteArchiveTasksService - [executeShellCmd,115] - [BIZ] 任务ID85,已经执行完成，执行结果：SUCCESS，持续时间：11.579330042，执行日志：

DataX (DATAX-OPENSOURCE-3.0), From Alibaba !
Copyright (C) 2010-2017, Alibaba Group. All Rights Reserved.


2024-04-29 20:13:39.216 [main] INFO  MessageSource - JVM TimeZone: GMT+08:00, Locale: zh_CN
2024-04-29 20:13:39.220 [main] INFO  MessageSource - use Locale: zh_CN timeZone: sun.util.calendar.ZoneInfo[id="GMT+08:00",offset=28800000,dstSavings=0,useDaylight=false,transitions=0,lastRule=null]
2024-04-29 20:13:39.249 [main] INFO  VMInfo - VMInfo# operatingSystem class => sun.management.OperatingSystemImpl
2024-04-29 20:13:39.265 [main] INFO  Engine - the machine info  => 

	osInfo:	Mac OS X x86_64 10.16
	jvmInfo:	Oracle Corporation 1.8 25.211-b12
	cpu num:	8

	totalPhysicalMemory:	-0.00G
	freePhysicalMemory:	-0.00G
	maxFileDescriptorCount:	-1
	currentOpenFileDescriptorCount:	-1

	GC Names	[PS MarkSweep, PS Scavenge]

	MEMORY_NAME                    | allocation_size                | init_size                      
	PS Eden Space                  | 256.00MB                       | 256.00MB                       
	Code Cache                     | 240.00MB                       | 2.44MB                         
	Compressed Class Space         | 1,024.00MB                     | 0.00MB                         
	PS Survivor Space              | 42.50MB                        | 42.50MB                        
	PS Old Gen                     | 683.00MB                       | 683.00MB                       
	Metaspace                      | -0.00MB                        | 0.00MB                         


2024-04-29 20:13:39.285 [main] INFO  Engine - 
{
	"content":[
		{
			"reader":{
				"name":"tdengine20reader",
				"parameter":{
					"username":"root",
					"password":"**********",
					"connection":[
						{
							"table":[
								"safety_alarm"
							],
							"jdbcUrl":[
								"jdbc:TAOS-RS://172.29.30.145:6041/safety_center?timestampFormat=TIMESTAMP"
							]
						}
					],
					"column":[
						"create_time",
						"terminal_id",
						"alarm_id",
						"driver_name"
					],
					"beginDateTime":"2024-01-14 10:40:00",
					"endDateTime":"2024-08-14 10:40:00"
				}
			},
			"writer":{
				"name":"txtfilewriter",
				"parameter":{
					"path":"/Users/pengcheng/Downloads/datax/bin",
					"fileName":"safety_center-safety_alarm-20240114104000-20240814104000",
					"writeMode":"truncate",
					"dateFormat":"yyyy-MM-dd HH:mm:ss",
					"fileFormat":"csv"
				}
			}
		}
	],
	"setting":{
		"speed":{
			"channel":1
		}
	}
}

2024-04-29 20:13:39.309 [main] INFO  PerfTrace - PerfTrace traceId=job_-1, isEnable=false
2024-04-29 20:13:39.309 [main] INFO  JobContainer - DataX jobContainer starts job.
2024-04-29 20:13:39.313 [main] INFO  JobContainer - Set jobId = 0
2024-04-29 20:13:39.423 [job-0] INFO  JobContainer - jobContainer starts to do prepare ...
2024-04-29 20:13:39.425 [job-0] INFO  JobContainer - DataX Reader.Job [tdengine20reader] do prepare work .
2024-04-29 20:13:39.425 [job-0] INFO  JobContainer - DataX Writer.Job [txtfilewriter] do prepare work .
2024-04-29 20:13:39.426 [job-0] INFO  TxtFileWriter$Job - 由于您配置了writeMode truncate, 开始清理 [/Users/pengcheng/Downloads/datax/bin] 下面以 [safety_center-safety_alarm-20240114104000-20240814104000] 开头的内容
2024-04-29 20:13:39.429 [job-0] INFO  JobContainer - jobContainer starts to do split ...
2024-04-29 20:13:39.431 [job-0] INFO  JobContainer - Job set Channel-Number to 1 channels.
2024-04-29 20:13:39.433 [job-0] INFO  TDengineReader$Job - Configuration: [{"username":"root","password":"kA7zfTpd2T","column":["create_time","terminal_id","alarm_id","driver_name"],"beginDateTime":"2024-01-14 10:40:00","endDateTime":"2024-08-14 10:40:00","jdbcUrl":"jdbc:TAOS-RS://172.29.30.145:6041/safety_center?timestampFormat=TIMESTAMP","table":["safety_alarm"]}]
2024-04-29 20:13:39.433 [job-0] INFO  JobContainer - DataX Reader.Job [tdengine20reader] splits to [1] tasks.
2024-04-29 20:13:39.433 [job-0] INFO  TxtFileWriter$Job - begin do split...
2024-04-29 20:13:39.469 [job-0] INFO  TxtFileWriter$Job - splited write file name:[safety_center-safety_alarm-20240114104000-20240814104000__23da8f61_80b5_4965_8d93_cc166f426217]
2024-04-29 20:13:39.469 [job-0] INFO  TxtFileWriter$Job - end do split.
2024-04-29 20:13:39.469 [job-0] INFO  JobContainer - DataX Writer.Job [txtfilewriter] splits to [1] tasks.
2024-04-29 20:13:39.518 [job-0] INFO  JobContainer - jobContainer starts to do schedule ...
2024-04-29 20:13:39.524 [job-0] INFO  JobContainer - Scheduler starts [1] taskGroups.
2024-04-29 20:13:39.526 [job-0] INFO  JobContainer - Running by standalone Mode.
2024-04-29 20:13:39.536 [taskGroup-0] INFO  TaskGroupContainer - taskGroupId=[0] start [1] channels for [1] tasks.
2024-04-29 20:13:39.541 [taskGroup-0] INFO  Channel - Channel set byte_speed_limit to -1, No bps activated.
2024-04-29 20:13:39.541 [taskGroup-0] INFO  Channel - Channel set record_speed_limit to -1, No tps activated.
2024-04-29 20:13:39.560 [taskGroup-0] INFO  TaskGroupContainer - taskGroup[0] taskId[0] attemptCount[1] is started
2024-04-29 20:13:39.563 [0-0-0-writer] INFO  TxtFileWriter$Task - begin do write...
2024-04-29 20:13:39.566 [0-0-0-writer] INFO  TxtFileWriter$Task - write to file : [/Users/pengcheng/Downloads/datax/bin/safety_center-safety_alarm-20240114104000-20240814104000__23da8f61_80b5_4965_8d93_cc166f426217]
2024-04-29 20:13:40.922 [0-0-0-writer] INFO  TxtFileWriter$Task - end do write
2024-04-29 20:13:40.926 [taskGroup-0] INFO  TaskGroupContainer - taskGroup[0] taskId[0] is successed, used[1367]ms
2024-04-29 20:13:40.929 [taskGroup-0] INFO  TaskGroupContainer - taskGroup[0] completed it's tasks.
2024-04-29 20:13:49.564 [job-0] INFO  StandAloneJobContainerCommunicator - Total 10240 records, 513823 bytes | Speed 50.18KB/s, 1024 records/s | Error 0 records, 0 bytes |  All Task WaitWriterTime 0.083s |  All Task WaitReaderTime 1.153s | Percentage 100.00%
2024-04-29 20:13:49.567 [job-0] INFO  AbstractScheduler - Scheduler accomplished all tasks.
2024-04-29 20:13:49.573 [job-0] INFO  JobContainer - DataX Writer.Job [txtfilewriter] do post work.
2024-04-29 20:13:49.577 [job-0] INFO  JobContainer - DataX Reader.Job [tdengine20reader] do post work.
2024-04-29 20:13:49.578 [job-0] INFO  JobContainer - DataX jobId [0] completed successfully.
2024-04-29 20:13:49.583 [job-0] INFO  HookInvoker - No hook invoked, because base dir not exists or is a file: /Users/pengcheng/Downloads/datax/hook
2024-04-29 20:13:49.594 [job-0] INFO  JobContainer - 
	 [total cpu info] => 
		averageCpu                     | maxDeltaCpu                    | minDeltaCpu                    
		-1.00%                         | -1.00%                         | -1.00%
                        

	 [total gc info] => 
		 NAME                 | totalGCCount       | maxDeltaGCCount    | minDeltaGCCount    | totalGCTime        | maxDeltaGCTime     | minDeltaGCTime     
		 PS MarkSweep         | 0                  | 0                  | 0                  | 0.000s             | 0.000s             | 0.000s             
		 PS Scavenge          | 0                  | 0                  | 0                  | 0.000s             | 0.000s             | 0.000s             

2024-04-29 20:13:49.594 [job-0] INFO  JobContainer - PerfTrace not enable!
2024-04-29 20:13:49.597 [job-0] INFO  StandAloneJobContainerCommunicator - Total 10240 records, 513823 bytes | Speed 50.18KB/s, 1024 records/s | Error 0 records, 0 bytes |  All Task WaitWriterTime 0.083s |  All Task WaitReaderTime 1.153s | Percentage 100.00%
2024-04-29 20:13:49.606 [job-0] INFO  JobContainer - 
任务启动时刻                    : 2024-04-29 20:13:39
任务结束时刻                    : 2024-04-29 20:13:49
任务总计耗时                    :                 10s
任务平均流量                    :           50.18KB/s
记录写入速度                    :           1024rec/s
读出记录总数                    :               10240
读写失败总数                    :                   0


20:15:31.484 [SpringContextShutdownHook] INFO  c.z.h.HikariDataSource - [close,350] - HikariPool-1 - Shutdown initiated...
20:15:31.508 [SpringContextShutdownHook] INFO  c.z.h.HikariDataSource - [close,352] - HikariPool-1 - Shutdown completed.
