17:16:58.450 [background-preinit] INFO  o.h.v.i.util.Version - [<clinit>,21] - HV000001: Hibernate Validator 6.1.6.Final
17:16:58.480 [main] INFO  c.s.a.DataArchiveToolApplication - [logStarting,55] - Starting DataArchiveToolApplication on pengchengdeMacBook-Pro.local with PID 67775 (/Users/pengcheng/code/idea/framework/data-archive-tool-main/target/classes started by pengcheng in /Users/pengcheng/code/idea/framework/data-archive-tool-main)
17:16:58.483 [main] INFO  c.s.a.DataArchiveToolApplication - [logStartupProfileInfo,651] - No active profile set, falling back to default profiles: default
17:17:00.068 [main] INFO  o.a.c.h.Http11NioProtocol - [log,173] - Initializing ProtocolHandler ["http-nio-8080"]
17:17:00.070 [main] INFO  o.a.c.c.StandardService - [log,173] - Starting service [Tomcat]
17:17:00.070 [main] INFO  o.a.c.c.StandardEngine - [log,173] - Starting Servlet engine: [Apache Tomcat/9.0.41]
17:17:00.132 [main] INFO  o.a.c.c.C.[.[.[/] - [log,173] - Initializing Spring embedded WebApplicationContext
17:17:01.203 [main] INFO  o.a.c.h.Http11NioProtocol - [log,173] - Starting ProtocolHandler ["http-nio-8080"]
17:17:01.242 [main] INFO  c.s.a.DataArchiveToolApplication - [logStarted,61] - Started DataArchiveToolApplication in 3.178 seconds (JVM running for 3.948)
17:18:00.010 [scheduling-1] INFO  c.s.a.t.GenerateArchiveTasksScheduling - [running,26] - [BIZ] >>>>>>>>>>>>>>>> 开始生成归档任务
17:18:00.047 [scheduling-1] INFO  c.z.h.HikariDataSource - [getConnection,110] - HikariPool-1 - Starting...
17:18:00.521 [scheduling-1] INFO  c.z.h.HikariDataSource - [getConnection,123] - HikariPool-1 - Start completed.
17:19:00.007 [scheduling-1] INFO  c.s.a.t.GenerateArchiveTasksScheduling - [running,26] - [BIZ] >>>>>>>>>>>>>>>> 开始生成归档任务
17:19:41.209 [http-nio-8080-exec-1] INFO  o.a.c.c.C.[.[.[/] - [log,173] - Initializing Spring DispatcherServlet 'dispatcherServlet'
17:19:41.750 [http-nio-8080-exec-1] INFO  c.s.a.t.g.GenerateArchiveTasksService - [generateArchiveTasks,84] - [BIZ] >>>>>>>>>>>>>>>> 成功生成1个归档任务
17:20:00.006 [scheduling-1] INFO  c.s.a.t.GenerateArchiveTasksScheduling - [running,26] - [BIZ] >>>>>>>>>>>>>>>> 开始生成归档任务
17:21:00.015 [scheduling-1] INFO  c.s.a.t.GenerateArchiveTasksScheduling - [running,26] - [BIZ] >>>>>>>>>>>>>>>> 开始生成归档任务
17:22:00.005 [scheduling-1] INFO  c.s.a.t.GenerateArchiveTasksScheduling - [running,26] - [BIZ] >>>>>>>>>>>>>>>> 开始生成归档任务
17:22:27.587 [http-nio-8080-exec-4] INFO  c.s.a.t.g.GenerateArchiveTasksService - [generateArchiveTasks,84] - [BIZ] >>>>>>>>>>>>>>>> 成功生成1个归档任务
17:23:00.006 [scheduling-1] INFO  c.s.a.t.GenerateArchiveTasksScheduling - [running,26] - [BIZ] >>>>>>>>>>>>>>>> 开始生成归档任务
17:23:14.919 [http-nio-8080-exec-6] INFO  c.s.a.t.g.GenerateArchiveTasksService - [generateArchiveTasks,84] - [BIZ] >>>>>>>>>>>>>>>> 成功生成1个归档任务
17:24:00.001 [scheduling-1] INFO  c.s.a.t.GenerateArchiveTasksScheduling - [running,26] - [BIZ] >>>>>>>>>>>>>>>> 开始生成归档任务
17:25:00.008 [scheduling-1] INFO  c.s.a.t.GenerateArchiveTasksScheduling - [running,26] - [BIZ] >>>>>>>>>>>>>>>> 开始生成归档任务
17:26:00.009 [scheduling-1] INFO  c.s.a.t.GenerateArchiveTasksScheduling - [running,26] - [BIZ] >>>>>>>>>>>>>>>> 开始生成归档任务
17:27:00.006 [scheduling-1] INFO  c.s.a.t.GenerateArchiveTasksScheduling - [running,26] - [BIZ] >>>>>>>>>>>>>>>> 开始生成归档任务
17:28:00.005 [scheduling-1] INFO  c.s.a.t.GenerateArchiveTasksScheduling - [running,26] - [BIZ] >>>>>>>>>>>>>>>> 开始生成归档任务
17:29:00.005 [scheduling-1] INFO  c.s.a.t.GenerateArchiveTasksScheduling - [running,26] - [BIZ] >>>>>>>>>>>>>>>> 开始生成归档任务
17:30:00.007 [scheduling-1] INFO  c.s.a.t.GenerateArchiveTasksScheduling - [running,26] - [BIZ] >>>>>>>>>>>>>>>> 开始生成归档任务
17:30:47.054 [SpringContextShutdownHook] INFO  c.z.h.HikariDataSource - [close,350] - HikariPool-1 - Shutdown initiated...
17:30:47.075 [SpringContextShutdownHook] INFO  c.z.h.HikariDataSource - [close,352] - HikariPool-1 - Shutdown completed.
17:30:55.336 [background-preinit] INFO  o.h.v.i.util.Version - [<clinit>,21] - HV000001: Hibernate Validator 6.1.6.Final
17:30:55.362 [main] INFO  c.s.a.DataArchiveToolApplication - [logStarting,55] - Starting DataArchiveToolApplication on pengchengdeMacBook-Pro.local with PID 68597 (/Users/pengcheng/code/idea/framework/data-archive-tool-main/target/classes started by pengcheng in /Users/pengcheng/code/idea/framework/data-archive-tool-main)
17:30:55.364 [main] INFO  c.s.a.DataArchiveToolApplication - [logStartupProfileInfo,651] - No active profile set, falling back to default profiles: default
17:30:57.092 [main] INFO  o.a.c.h.Http11NioProtocol - [log,173] - Initializing ProtocolHandler ["http-nio-8080"]
17:30:57.093 [main] INFO  o.a.c.c.StandardService - [log,173] - Starting service [Tomcat]
17:30:57.093 [main] INFO  o.a.c.c.StandardEngine - [log,173] - Starting Servlet engine: [Apache Tomcat/9.0.41]
17:30:57.175 [main] INFO  o.a.c.c.C.[.[.[/] - [log,173] - Initializing Spring embedded WebApplicationContext
17:30:58.330 [main] INFO  o.a.c.h.Http11NioProtocol - [log,173] - Starting ProtocolHandler ["http-nio-8080"]
17:30:58.367 [main] INFO  c.s.a.DataArchiveToolApplication - [logStarted,61] - Started DataArchiveToolApplication in 3.416 seconds (JVM running for 4.135)
17:31:00.007 [scheduling-1] INFO  c.s.a.t.GenerateArchiveTasksScheduling - [running,26] - [BIZ] >>>>>>>>>>>>>>>> 开始生成归档任务
17:31:00.046 [scheduling-1] INFO  c.z.h.HikariDataSource - [getConnection,110] - HikariPool-1 - Starting...
17:31:00.511 [scheduling-1] INFO  c.z.h.HikariDataSource - [getConnection,123] - HikariPool-1 - Start completed.
17:31:32.394 [http-nio-8080-exec-2] INFO  o.a.c.c.C.[.[.[/] - [log,173] - Initializing Spring DispatcherServlet 'dispatcherServlet'
17:31:33.198 [http-nio-8080-exec-2] INFO  c.s.a.t.g.GenerateArchiveTasksService - [generateArchiveTasks,84] - [BIZ] >>>>>>>>>>>>>>>> 成功生成3个归档任务
17:32:00.007 [scheduling-1] INFO  c.s.a.t.GenerateArchiveTasksScheduling - [running,26] - [BIZ] >>>>>>>>>>>>>>>> 开始生成归档任务
17:33:00.009 [scheduling-1] INFO  c.s.a.t.GenerateArchiveTasksScheduling - [running,26] - [BIZ] >>>>>>>>>>>>>>>> 开始生成归档任务
17:34:00.005 [scheduling-1] INFO  c.s.a.t.GenerateArchiveTasksScheduling - [running,26] - [BIZ] >>>>>>>>>>>>>>>> 开始生成归档任务
17:35:00.000 [scheduling-1] INFO  c.s.a.t.GenerateArchiveTasksScheduling - [running,26] - [BIZ] >>>>>>>>>>>>>>>> 开始生成归档任务
17:36:00.006 [scheduling-1] INFO  c.s.a.t.GenerateArchiveTasksScheduling - [running,26] - [BIZ] >>>>>>>>>>>>>>>> 开始生成归档任务
17:37:00.006 [scheduling-1] INFO  c.s.a.t.GenerateArchiveTasksScheduling - [running,26] - [BIZ] >>>>>>>>>>>>>>>> 开始生成归档任务
17:38:00.010 [scheduling-1] INFO  c.s.a.t.GenerateArchiveTasksScheduling - [running,26] - [BIZ] >>>>>>>>>>>>>>>> 开始生成归档任务
17:39:00.016 [scheduling-1] INFO  c.s.a.t.GenerateArchiveTasksScheduling - [running,26] - [BIZ] >>>>>>>>>>>>>>>> 开始生成归档任务
17:40:00.013 [scheduling-1] INFO  c.s.a.t.GenerateArchiveTasksScheduling - [running,26] - [BIZ] >>>>>>>>>>>>>>>> 开始生成归档任务
17:41:00.007 [scheduling-1] INFO  c.s.a.t.GenerateArchiveTasksScheduling - [running,26] - [BIZ] >>>>>>>>>>>>>>>> 开始生成归档任务
17:42:00.013 [scheduling-1] INFO  c.s.a.t.GenerateArchiveTasksScheduling - [running,26] - [BIZ] >>>>>>>>>>>>>>>> 开始生成归档任务
17:58:09.975 [scheduling-1] INFO  c.s.a.t.GenerateArchiveTasksScheduling - [running,26] - [BIZ] >>>>>>>>>>>>>>>> 开始生成归档任务
18:14:05.542 [scheduling-1] INFO  c.s.a.t.GenerateArchiveTasksScheduling - [running,26] - [BIZ] >>>>>>>>>>>>>>>> 开始生成归档任务
18:30:03.737 [scheduling-1] INFO  c.s.a.t.GenerateArchiveTasksScheduling - [running,26] - [BIZ] >>>>>>>>>>>>>>>> 开始生成归档任务
18:47:08.130 [scheduling-1] INFO  c.s.a.t.GenerateArchiveTasksScheduling - [running,26] - [BIZ] >>>>>>>>>>>>>>>> 开始生成归档任务
18:57:00.013 [scheduling-1] INFO  c.s.a.t.GenerateArchiveTasksScheduling - [running,26] - [BIZ] >>>>>>>>>>>>>>>> 开始生成归档任务
18:58:00.006 [scheduling-1] INFO  c.s.a.t.GenerateArchiveTasksScheduling - [running,26] - [BIZ] >>>>>>>>>>>>>>>> 开始生成归档任务
18:59:00.024 [scheduling-1] INFO  c.s.a.t.GenerateArchiveTasksScheduling - [running,26] - [BIZ] >>>>>>>>>>>>>>>> 开始生成归档任务
19:00:00.006 [scheduling-1] INFO  c.s.a.t.GenerateArchiveTasksScheduling - [running,26] - [BIZ] >>>>>>>>>>>>>>>> 开始生成归档任务
19:01:00.005 [scheduling-1] INFO  c.s.a.t.GenerateArchiveTasksScheduling - [running,26] - [BIZ] >>>>>>>>>>>>>>>> 开始生成归档任务
19:02:00.001 [scheduling-1] INFO  c.s.a.t.GenerateArchiveTasksScheduling - [running,26] - [BIZ] >>>>>>>>>>>>>>>> 开始生成归档任务
19:03:00.006 [scheduling-1] INFO  c.s.a.t.GenerateArchiveTasksScheduling - [running,26] - [BIZ] >>>>>>>>>>>>>>>> 开始生成归档任务
19:04:00.005 [scheduling-1] INFO  c.s.a.t.GenerateArchiveTasksScheduling - [running,26] - [BIZ] >>>>>>>>>>>>>>>> 开始生成归档任务
19:05:00.007 [scheduling-1] INFO  c.s.a.t.GenerateArchiveTasksScheduling - [running,26] - [BIZ] >>>>>>>>>>>>>>>> 开始生成归档任务
19:06:00.002 [scheduling-1] INFO  c.s.a.t.GenerateArchiveTasksScheduling - [running,26] - [BIZ] >>>>>>>>>>>>>>>> 开始生成归档任务
19:06:03.350 [SpringContextShutdownHook] INFO  c.z.h.HikariDataSource - [close,350] - HikariPool-1 - Shutdown initiated...
19:06:03.369 [SpringContextShutdownHook] INFO  c.z.h.HikariDataSource - [close,352] - HikariPool-1 - Shutdown completed.
