14:01:56.559 [main] ERROR o.s.b.SpringApplication - [reportFailure,837] - Application run failed
org.springframework.beans.BeanInstantiationException: Failed to instantiate [org.springframework.boot.web.servlet.context.AnnotationConfigServletWebServerApplicationContext]: Constructor threw exception; nested exception is java.lang.NoClassDefFoundError: org/springframework/core/metrics/ApplicationStartup
	at org.springframework.beans.BeanUtils.instantiateClass(BeanUtils.java:217)
	at org.springframework.beans.BeanUtils.instantiateClass(BeanUtils.java:139)
	at org.springframework.boot.SpringApplication.createApplicationContext(SpringApplication.java:588)
	at org.springframework.boot.SpringApplication.run(SpringApplication.java:311)
	at org.springframework.boot.SpringApplication.run(SpringApplication.java:1237)
	at org.springframework.boot.SpringApplication.run(SpringApplication.java:1226)
	at com.skyjun.archive.DataArchiveToolApplication.main(DataArchiveToolApplication.java:14)
Caused by: java.lang.NoClassDefFoundError: org/springframework/core/metrics/ApplicationStartup
	at org.springframework.context.support.AbstractApplicationContext.<init>(AbstractApplicationContext.java:238)
	at org.springframework.context.support.GenericApplicationContext.<init>(GenericApplicationContext.java:114)
	at org.springframework.web.context.support.GenericWebApplicationContext.<init>(GenericWebApplicationContext.java:81)
	at org.springframework.boot.web.servlet.context.ServletWebServerApplicationContext.<init>(ServletWebServerApplicationContext.java:117)
	at org.springframework.boot.web.servlet.context.AnnotationConfigServletWebServerApplicationContext.<init>(AnnotationConfigServletWebServerApplicationContext.java:72)
	at sun.reflect.NativeConstructorAccessorImpl.newInstance0(Native Method)
	at sun.reflect.NativeConstructorAccessorImpl.newInstance(NativeConstructorAccessorImpl.java:62)
	at sun.reflect.DelegatingConstructorAccessorImpl.newInstance(DelegatingConstructorAccessorImpl.java:45)
	at java.lang.reflect.Constructor.newInstance(Constructor.java:423)
	at org.springframework.beans.BeanUtils.instantiateClass(BeanUtils.java:204)
	... 6 common frames omitted
Caused by: java.lang.ClassNotFoundException: org.springframework.core.metrics.ApplicationStartup
	at java.net.URLClassLoader.findClass(URLClassLoader.java:382)
	at java.lang.ClassLoader.loadClass(ClassLoader.java:424)
	at sun.misc.Launcher$AppClassLoader.loadClass(Launcher.java:349)
	at java.lang.ClassLoader.loadClass(ClassLoader.java:357)
	... 16 common frames omitted
14:04:31.435 [main] ERROR o.s.b.SpringApplication - [reportFailure,837] - Application run failed
org.springframework.beans.BeanInstantiationException: Failed to instantiate [org.springframework.boot.web.servlet.context.AnnotationConfigServletWebServerApplicationContext]: Constructor threw exception; nested exception is java.lang.NoClassDefFoundError: org/springframework/core/metrics/ApplicationStartup
	at org.springframework.beans.BeanUtils.instantiateClass(BeanUtils.java:217)
	at org.springframework.beans.BeanUtils.instantiateClass(BeanUtils.java:139)
	at org.springframework.boot.SpringApplication.createApplicationContext(SpringApplication.java:588)
	at org.springframework.boot.SpringApplication.run(SpringApplication.java:311)
	at org.springframework.boot.SpringApplication.run(SpringApplication.java:1237)
	at org.springframework.boot.SpringApplication.run(SpringApplication.java:1226)
	at com.skyjun.archive.DataArchiveToolApplication.main(DataArchiveToolApplication.java:14)
Caused by: java.lang.NoClassDefFoundError: org/springframework/core/metrics/ApplicationStartup
	at org.springframework.context.support.AbstractApplicationContext.<init>(AbstractApplicationContext.java:238)
	at org.springframework.context.support.GenericApplicationContext.<init>(GenericApplicationContext.java:114)
	at org.springframework.web.context.support.GenericWebApplicationContext.<init>(GenericWebApplicationContext.java:81)
	at org.springframework.boot.web.servlet.context.ServletWebServerApplicationContext.<init>(ServletWebServerApplicationContext.java:117)
	at org.springframework.boot.web.servlet.context.AnnotationConfigServletWebServerApplicationContext.<init>(AnnotationConfigServletWebServerApplicationContext.java:72)
	at sun.reflect.NativeConstructorAccessorImpl.newInstance0(Native Method)
	at sun.reflect.NativeConstructorAccessorImpl.newInstance(NativeConstructorAccessorImpl.java:62)
	at sun.reflect.DelegatingConstructorAccessorImpl.newInstance(DelegatingConstructorAccessorImpl.java:45)
	at java.lang.reflect.Constructor.newInstance(Constructor.java:423)
	at org.springframework.beans.BeanUtils.instantiateClass(BeanUtils.java:204)
	... 6 common frames omitted
Caused by: java.lang.ClassNotFoundException: org.springframework.core.metrics.ApplicationStartup
	at java.net.URLClassLoader.findClass(URLClassLoader.java:382)
	at java.lang.ClassLoader.loadClass(ClassLoader.java:424)
	at sun.misc.Launcher$AppClassLoader.loadClass(Launcher.java:349)
	at java.lang.ClassLoader.loadClass(ClassLoader.java:357)
	... 16 common frames omitted
14:10:53.690 [http-nio-8080-exec-9] ERROR o.a.c.c.C.[.[.[.[dispatcherServlet] - [log,175] - Servlet.service() for servlet [dispatcherServlet] in context with path [] threw exception [Request processing failed; nested exception is cn.hutool.core.date.DateException: Parse [${lastMonthStartTimestamp}] with format [yyyy-MM-dd HH:mm:ss] error!] with root cause
cn.hutool.core.date.DateException: Parse [${lastMonthStartTimestamp}] with format [yyyy-MM-dd HH:mm:ss] error!
	at cn.hutool.core.date.DateTime.parse(DateTime.java:1096)
	at cn.hutool.core.date.DateTime.<init>(DateTime.java:326)
	at cn.hutool.core.date.DateTime.<init>(DateTime.java:314)
	at cn.hutool.core.date.DateUtil.parse(DateUtil.java:683)
	at cn.hutool.core.date.DateUtil.parseDateTime(DateUtil.java:769)
	at com.skyjun.archive.task.generate.GenerateTdArchiverTemplate.initArchiveToFileConfig(GenerateTdArchiverTemplate.java:94)
	at com.skyjun.archive.task.generate.GenerateTdArchiverTemplate.buildVelocityContext(GenerateTdArchiverTemplate.java:76)
	at com.skyjun.archive.task.generate.GenerateTdArchiverTemplate.generateTemplate(GenerateTdArchiverTemplate.java:42)
	at com.skyjun.archive.task.generate.GenerateArchiveTasksService.buildArchiveTasksEntity(GenerateArchiveTasksService.java:125)
	at com.skyjun.archive.task.generate.GenerateArchiveTasksService.lambda$generateArchiveTasks$2(GenerateArchiveTasksService.java:81)
	at java.util.stream.ReferencePipeline$3$1.accept(ReferencePipeline.java:193)
	at java.util.ArrayList$ArrayListSpliterator.forEachRemaining(ArrayList.java:1382)
	at java.util.stream.AbstractPipeline.copyInto(AbstractPipeline.java:481)
	at java.util.stream.AbstractPipeline.wrapAndCopyInto(AbstractPipeline.java:471)
	at java.util.stream.ReduceOps$ReduceOp.evaluateSequential(ReduceOps.java:708)
	at java.util.stream.AbstractPipeline.evaluate(AbstractPipeline.java:234)
	at java.util.stream.ReferencePipeline.collect(ReferencePipeline.java:499)
	at com.skyjun.archive.infrastructure.utils.LambdaUtil.listMapper(LambdaUtil.java:32)
	at com.skyjun.archive.task.generate.GenerateArchiveTasksService.generateArchiveTasks(GenerateArchiveTasksService.java:80)
	at com.skyjun.archive.task.generate.GenerateArchiveTasksService$$FastClassBySpringCGLIB$$75ae4199.invoke(<generated>)
	at org.springframework.cglib.proxy.MethodProxy.invoke(MethodProxy.java:218)
	at org.springframework.aop.framework.CglibAopProxy$CglibMethodInvocation.invokeJoinpoint(CglibAopProxy.java:771)
	at org.springframework.aop.framework.ReflectiveMethodInvocation.proceed(ReflectiveMethodInvocation.java:163)
	at org.springframework.aop.framework.CglibAopProxy$CglibMethodInvocation.proceed(CglibAopProxy.java:749)
	at org.springframework.transaction.interceptor.TransactionAspectSupport.invokeWithinTransaction(TransactionAspectSupport.java:367)
	at org.springframework.transaction.interceptor.TransactionInterceptor.invoke(TransactionInterceptor.java:118)
	at org.springframework.aop.framework.ReflectiveMethodInvocation.proceed(ReflectiveMethodInvocation.java:186)
	at org.springframework.aop.framework.CglibAopProxy$CglibMethodInvocation.proceed(CglibAopProxy.java:749)
	at org.springframework.aop.framework.CglibAopProxy$DynamicAdvisedInterceptor.intercept(CglibAopProxy.java:691)
	at com.skyjun.archive.task.generate.GenerateArchiveTasksService$$EnhancerBySpringCGLIB$$1f628f7a.generateArchiveTasks(<generated>)
	at com.skyjun.archive.api.ArchiveController.generateArchiveTasks(ArchiveController.java:36)
	at sun.reflect.NativeMethodAccessorImpl.invoke0(Native Method)
	at sun.reflect.NativeMethodAccessorImpl.invoke(NativeMethodAccessorImpl.java:62)
	at sun.reflect.DelegatingMethodAccessorImpl.invoke(DelegatingMethodAccessorImpl.java:43)
	at java.lang.reflect.Method.invoke(Method.java:498)
	at org.springframework.web.method.support.InvocableHandlerMethod.doInvoke(InvocableHandlerMethod.java:190)
	at org.springframework.web.method.support.InvocableHandlerMethod.invokeForRequest(InvocableHandlerMethod.java:138)
	at org.springframework.web.servlet.mvc.method.annotation.ServletInvocableHandlerMethod.invokeAndHandle(ServletInvocableHandlerMethod.java:105)
	at org.springframework.web.servlet.mvc.method.annotation.RequestMappingHandlerAdapter.invokeHandlerMethod(RequestMappingHandlerAdapter.java:878)
	at org.springframework.web.servlet.mvc.method.annotation.RequestMappingHandlerAdapter.handleInternal(RequestMappingHandlerAdapter.java:792)
	at org.springframework.web.servlet.mvc.method.AbstractHandlerMethodAdapter.handle(AbstractHandlerMethodAdapter.java:87)
	at org.springframework.web.servlet.DispatcherServlet.doDispatch(DispatcherServlet.java:1040)
	at org.springframework.web.servlet.DispatcherServlet.doService(DispatcherServlet.java:943)
	at org.springframework.web.servlet.FrameworkServlet.processRequest(FrameworkServlet.java:1006)
	at org.springframework.web.servlet.FrameworkServlet.doGet(FrameworkServlet.java:898)
	at javax.servlet.http.HttpServlet.service(HttpServlet.java:626)
	at org.springframework.web.servlet.FrameworkServlet.service(FrameworkServlet.java:883)
	at javax.servlet.http.HttpServlet.service(HttpServlet.java:733)
	at org.apache.catalina.core.ApplicationFilterChain.internalDoFilter(ApplicationFilterChain.java:231)
	at org.apache.catalina.core.ApplicationFilterChain.doFilter(ApplicationFilterChain.java:166)
	at org.apache.tomcat.websocket.server.WsFilter.doFilter(WsFilter.java:53)
	at org.apache.catalina.core.ApplicationFilterChain.internalDoFilter(ApplicationFilterChain.java:193)
	at org.apache.catalina.core.ApplicationFilterChain.doFilter(ApplicationFilterChain.java:166)
	at org.springframework.web.filter.RequestContextFilter.doFilterInternal(RequestContextFilter.java:100)
	at org.springframework.web.filter.OncePerRequestFilter.doFilter(OncePerRequestFilter.java:119)
	at org.apache.catalina.core.ApplicationFilterChain.internalDoFilter(ApplicationFilterChain.java:193)
	at org.apache.catalina.core.ApplicationFilterChain.doFilter(ApplicationFilterChain.java:166)
	at org.springframework.web.filter.FormContentFilter.doFilterInternal(FormContentFilter.java:93)
	at org.springframework.web.filter.OncePerRequestFilter.doFilter(OncePerRequestFilter.java:119)
	at org.apache.catalina.core.ApplicationFilterChain.internalDoFilter(ApplicationFilterChain.java:193)
	at org.apache.catalina.core.ApplicationFilterChain.doFilter(ApplicationFilterChain.java:166)
	at org.springframework.web.filter.CharacterEncodingFilter.doFilterInternal(CharacterEncodingFilter.java:201)
	at org.springframework.web.filter.OncePerRequestFilter.doFilter(OncePerRequestFilter.java:119)
	at org.apache.catalina.core.ApplicationFilterChain.internalDoFilter(ApplicationFilterChain.java:193)
	at org.apache.catalina.core.ApplicationFilterChain.doFilter(ApplicationFilterChain.java:166)
	at org.apache.catalina.core.StandardWrapperValve.invoke(StandardWrapperValve.java:202)
	at org.apache.catalina.core.StandardContextValve.invoke(StandardContextValve.java:97)
	at org.apache.catalina.authenticator.AuthenticatorBase.invoke(AuthenticatorBase.java:542)
	at org.apache.catalina.core.StandardHostValve.invoke(StandardHostValve.java:143)
	at org.apache.catalina.valves.ErrorReportValve.invoke(ErrorReportValve.java:92)
	at org.apache.catalina.core.StandardEngineValve.invoke(StandardEngineValve.java:78)
	at org.apache.catalina.connector.CoyoteAdapter.service(CoyoteAdapter.java:343)
	at org.apache.coyote.http11.Http11Processor.service(Http11Processor.java:374)
	at org.apache.coyote.AbstractProcessorLight.process(AbstractProcessorLight.java:65)
	at org.apache.coyote.AbstractProtocol$ConnectionHandler.process(AbstractProtocol.java:888)
	at org.apache.tomcat.util.net.NioEndpoint$SocketProcessor.doRun(NioEndpoint.java:1597)
	at org.apache.tomcat.util.net.SocketProcessorBase.run(SocketProcessorBase.java:49)
	at java.util.concurrent.ThreadPoolExecutor.runWorker(ThreadPoolExecutor.java:1149)
	at java.util.concurrent.ThreadPoolExecutor$Worker.run(ThreadPoolExecutor.java:624)
	at org.apache.tomcat.util.threads.TaskThread$WrappingRunnable.run(TaskThread.java:61)
	at java.lang.Thread.run(Thread.java:748)
14:17:45.490 [http-nio-8080-exec-5] ERROR o.a.c.c.C.[.[.[.[dispatcherServlet] - [log,175] - Servlet.service() for servlet [dispatcherServlet] in context with path [] threw exception [Request processing failed; nested exception is java.lang.IllegalArgumentException: Date String must be not blank !] with root cause
java.lang.IllegalArgumentException: Date String must be not blank !
	at cn.hutool.core.lang.Assert.lambda$notBlank$5(Assert.java:340)
	at cn.hutool.core.lang.Assert.notBlank(Assert.java:319)
	at cn.hutool.core.lang.Assert.notBlank(Assert.java:340)
	at cn.hutool.core.date.DateTime.parse(DateTime.java:1092)
	at cn.hutool.core.date.DateTime.<init>(DateTime.java:326)
	at cn.hutool.core.date.DateTime.<init>(DateTime.java:314)
	at cn.hutool.core.date.DateUtil.parse(DateUtil.java:683)
	at cn.hutool.core.date.DateUtil.parseDateTime(DateUtil.java:769)
	at com.skyjun.archive.task.generate.GenerateTdArchiverTemplate.initArchiveToFileConfig(GenerateTdArchiverTemplate.java:94)
	at com.skyjun.archive.task.generate.GenerateTdArchiverTemplate.buildVelocityContext(GenerateTdArchiverTemplate.java:76)
	at com.skyjun.archive.task.generate.GenerateTdArchiverTemplate.generateTemplate(GenerateTdArchiverTemplate.java:42)
	at com.skyjun.archive.task.generate.GenerateArchiveTasksService.buildArchiveTasksEntity(GenerateArchiveTasksService.java:125)
	at com.skyjun.archive.task.generate.GenerateArchiveTasksService.lambda$generateArchiveTasks$2(GenerateArchiveTasksService.java:81)
	at java.util.stream.ReferencePipeline$3$1.accept(ReferencePipeline.java:193)
	at java.util.ArrayList$ArrayListSpliterator.forEachRemaining(ArrayList.java:1382)
	at java.util.stream.AbstractPipeline.copyInto(AbstractPipeline.java:481)
	at java.util.stream.AbstractPipeline.wrapAndCopyInto(AbstractPipeline.java:471)
	at java.util.stream.ReduceOps$ReduceOp.evaluateSequential(ReduceOps.java:708)
	at java.util.stream.AbstractPipeline.evaluate(AbstractPipeline.java:234)
	at java.util.stream.ReferencePipeline.collect(ReferencePipeline.java:499)
	at com.skyjun.archive.infrastructure.utils.LambdaUtil.listMapper(LambdaUtil.java:32)
	at com.skyjun.archive.task.generate.GenerateArchiveTasksService.generateArchiveTasks(GenerateArchiveTasksService.java:80)
	at com.skyjun.archive.task.generate.GenerateArchiveTasksService$$FastClassBySpringCGLIB$$75ae4199.invoke(<generated>)
	at org.springframework.cglib.proxy.MethodProxy.invoke(MethodProxy.java:218)
	at org.springframework.aop.framework.CglibAopProxy$CglibMethodInvocation.invokeJoinpoint(CglibAopProxy.java:771)
	at org.springframework.aop.framework.ReflectiveMethodInvocation.proceed(ReflectiveMethodInvocation.java:163)
	at org.springframework.aop.framework.CglibAopProxy$CglibMethodInvocation.proceed(CglibAopProxy.java:749)
	at org.springframework.transaction.interceptor.TransactionAspectSupport.invokeWithinTransaction(TransactionAspectSupport.java:367)
	at org.springframework.transaction.interceptor.TransactionInterceptor.invoke(TransactionInterceptor.java:118)
	at org.springframework.aop.framework.ReflectiveMethodInvocation.proceed(ReflectiveMethodInvocation.java:186)
	at org.springframework.aop.framework.CglibAopProxy$CglibMethodInvocation.proceed(CglibAopProxy.java:749)
	at org.springframework.aop.framework.CglibAopProxy$DynamicAdvisedInterceptor.intercept(CglibAopProxy.java:691)
	at com.skyjun.archive.task.generate.GenerateArchiveTasksService$$EnhancerBySpringCGLIB$$f0fb0d77.generateArchiveTasks(<generated>)
	at com.skyjun.archive.api.ArchiveController.generateArchiveTasks(ArchiveController.java:36)
	at sun.reflect.NativeMethodAccessorImpl.invoke0(Native Method)
	at sun.reflect.NativeMethodAccessorImpl.invoke(NativeMethodAccessorImpl.java:62)
	at sun.reflect.DelegatingMethodAccessorImpl.invoke(DelegatingMethodAccessorImpl.java:43)
	at java.lang.reflect.Method.invoke(Method.java:498)
	at org.springframework.web.method.support.InvocableHandlerMethod.doInvoke(InvocableHandlerMethod.java:190)
	at org.springframework.web.method.support.InvocableHandlerMethod.invokeForRequest(InvocableHandlerMethod.java:138)
	at org.springframework.web.servlet.mvc.method.annotation.ServletInvocableHandlerMethod.invokeAndHandle(ServletInvocableHandlerMethod.java:105)
	at org.springframework.web.servlet.mvc.method.annotation.RequestMappingHandlerAdapter.invokeHandlerMethod(RequestMappingHandlerAdapter.java:878)
	at org.springframework.web.servlet.mvc.method.annotation.RequestMappingHandlerAdapter.handleInternal(RequestMappingHandlerAdapter.java:792)
	at org.springframework.web.servlet.mvc.method.AbstractHandlerMethodAdapter.handle(AbstractHandlerMethodAdapter.java:87)
	at org.springframework.web.servlet.DispatcherServlet.doDispatch(DispatcherServlet.java:1040)
	at org.springframework.web.servlet.DispatcherServlet.doService(DispatcherServlet.java:943)
	at org.springframework.web.servlet.FrameworkServlet.processRequest(FrameworkServlet.java:1006)
	at org.springframework.web.servlet.FrameworkServlet.doGet(FrameworkServlet.java:898)
	at javax.servlet.http.HttpServlet.service(HttpServlet.java:626)
	at org.springframework.web.servlet.FrameworkServlet.service(FrameworkServlet.java:883)
	at javax.servlet.http.HttpServlet.service(HttpServlet.java:733)
	at org.apache.catalina.core.ApplicationFilterChain.internalDoFilter(ApplicationFilterChain.java:231)
	at org.apache.catalina.core.ApplicationFilterChain.doFilter(ApplicationFilterChain.java:166)
	at org.apache.tomcat.websocket.server.WsFilter.doFilter(WsFilter.java:53)
	at org.apache.catalina.core.ApplicationFilterChain.internalDoFilter(ApplicationFilterChain.java:193)
	at org.apache.catalina.core.ApplicationFilterChain.doFilter(ApplicationFilterChain.java:166)
	at org.springframework.web.filter.RequestContextFilter.doFilterInternal(RequestContextFilter.java:100)
	at org.springframework.web.filter.OncePerRequestFilter.doFilter(OncePerRequestFilter.java:119)
	at org.apache.catalina.core.ApplicationFilterChain.internalDoFilter(ApplicationFilterChain.java:193)
	at org.apache.catalina.core.ApplicationFilterChain.doFilter(ApplicationFilterChain.java:166)
	at org.springframework.web.filter.FormContentFilter.doFilterInternal(FormContentFilter.java:93)
	at org.springframework.web.filter.OncePerRequestFilter.doFilter(OncePerRequestFilter.java:119)
	at org.apache.catalina.core.ApplicationFilterChain.internalDoFilter(ApplicationFilterChain.java:193)
	at org.apache.catalina.core.ApplicationFilterChain.doFilter(ApplicationFilterChain.java:166)
	at org.springframework.web.filter.CharacterEncodingFilter.doFilterInternal(CharacterEncodingFilter.java:201)
	at org.springframework.web.filter.OncePerRequestFilter.doFilter(OncePerRequestFilter.java:119)
	at org.apache.catalina.core.ApplicationFilterChain.internalDoFilter(ApplicationFilterChain.java:193)
	at org.apache.catalina.core.ApplicationFilterChain.doFilter(ApplicationFilterChain.java:166)
	at org.apache.catalina.core.StandardWrapperValve.invoke(StandardWrapperValve.java:202)
	at org.apache.catalina.core.StandardContextValve.invoke(StandardContextValve.java:97)
	at org.apache.catalina.authenticator.AuthenticatorBase.invoke(AuthenticatorBase.java:542)
	at org.apache.catalina.core.StandardHostValve.invoke(StandardHostValve.java:143)
	at org.apache.catalina.valves.ErrorReportValve.invoke(ErrorReportValve.java:92)
	at org.apache.catalina.core.StandardEngineValve.invoke(StandardEngineValve.java:78)
	at org.apache.catalina.connector.CoyoteAdapter.service(CoyoteAdapter.java:343)
	at org.apache.coyote.http11.Http11Processor.service(Http11Processor.java:374)
	at org.apache.coyote.AbstractProcessorLight.process(AbstractProcessorLight.java:65)
	at org.apache.coyote.AbstractProtocol$ConnectionHandler.process(AbstractProtocol.java:888)
	at org.apache.tomcat.util.net.NioEndpoint$SocketProcessor.doRun(NioEndpoint.java:1597)
	at org.apache.tomcat.util.net.SocketProcessorBase.run(SocketProcessorBase.java:49)
	at java.util.concurrent.ThreadPoolExecutor.runWorker(ThreadPoolExecutor.java:1149)
	at java.util.concurrent.ThreadPoolExecutor$Worker.run(ThreadPoolExecutor.java:624)
	at org.apache.tomcat.util.threads.TaskThread$WrappingRunnable.run(TaskThread.java:61)
	at java.lang.Thread.run(Thread.java:748)
14:28:55.399 [ForkJoinPool.commonPool-worker-1] ERROR c.s.a.t.e.ShellCommandActuator - [exec,48] - Can't load '/opt/homebrew/Cellar/percona-toolkit/3.5.5_2/libexec/lib/perl5/darwin-thread-multi-2level/auto/DBI/DBI.bundle' for module DBI: dlopen(/opt/homebrew/Cellar/percona-toolkit/3.5.5_2/libexec/lib/perl5/darwin-thread-multi-2level/auto/DBI/DBI.bundle, 0x0001): tried: '/opt/homebrew/Cellar/percona-toolkit/3.5.5_2/libexec/lib/perl5/darwin-thread-multi-2level/auto/DBI/DBI.bundle' (mach-o file, but is an incompatible architecture (have 'arm64', need 'x86_64')), '/usr/lib/DBI.bundle' (no such file) at /System/Library/Perl/5.30/darwin-thread-multi-2level/DynaLoader.pm line 197.
  at /opt/homebrew/Cellar/percona-toolkit/3.5.5_2/libexec/lib/perl5/darwin-thread-multi-2level/DBI.pm line 284.
BEGIN failed--compilation aborted at /opt/homebrew/Cellar/percona-toolkit/3.5.5_2/libexec/lib/perl5/darwin-thread-multi-2level/DBI.pm line 284.
Compilation failed in require at /opt/homebrew/Cellar/percona-toolkit/3.5.5_2/libexec/bin/pt-archiver line 6171.
BEGIN failed--compilation aborted at /opt/homebrew/Cellar/percona-toolkit/3.5.5_2/libexec/bin/pt-archiver line 6171.

cn.hutool.core.io.IORuntimeException: Can't load '/opt/homebrew/Cellar/percona-toolkit/3.5.5_2/libexec/lib/perl5/darwin-thread-multi-2level/auto/DBI/DBI.bundle' for module DBI: dlopen(/opt/homebrew/Cellar/percona-toolkit/3.5.5_2/libexec/lib/perl5/darwin-thread-multi-2level/auto/DBI/DBI.bundle, 0x0001): tried: '/opt/homebrew/Cellar/percona-toolkit/3.5.5_2/libexec/lib/perl5/darwin-thread-multi-2level/auto/DBI/DBI.bundle' (mach-o file, but is an incompatible architecture (have 'arm64', need 'x86_64')), '/usr/lib/DBI.bundle' (no such file) at /System/Library/Perl/5.30/darwin-thread-multi-2level/DynaLoader.pm line 197.
  at /opt/homebrew/Cellar/percona-toolkit/3.5.5_2/libexec/lib/perl5/darwin-thread-multi-2level/DBI.pm line 284.
BEGIN failed--compilation aborted at /opt/homebrew/Cellar/percona-toolkit/3.5.5_2/libexec/lib/perl5/darwin-thread-multi-2level/DBI.pm line 284.
Compilation failed in require at /opt/homebrew/Cellar/percona-toolkit/3.5.5_2/libexec/bin/pt-archiver line 6171.
BEGIN failed--compilation aborted at /opt/homebrew/Cellar/percona-toolkit/3.5.5_2/libexec/bin/pt-archiver line 6171.

	at com.skyjun.archive.task.execute.ShellCommandActuator.getLogs(ShellCommandActuator.java:130)
	at com.skyjun.archive.task.execute.ShellCommandActuator.exec(ShellCommandActuator.java:46)
	at com.skyjun.archive.task.execute.ExecuteArchiveTasksService.executeShellCmd(ExecuteArchiveTasksService.java:91)
	at com.skyjun.archive.task.execute.ExecuteArchiveTasksService.lambda$executeArchiveTasks$1(ExecuteArchiveTasksService.java:62)
	at java.util.concurrent.CompletableFuture$AsyncSupply.run$$$capture(CompletableFuture.java:1590)
	at java.util.concurrent.CompletableFuture$AsyncSupply.run(CompletableFuture.java)
	at java.util.concurrent.CompletableFuture$AsyncSupply.exec(CompletableFuture.java:1582)
	at java.util.concurrent.ForkJoinTask.doExec$$$capture(ForkJoinTask.java:289)
	at java.util.concurrent.ForkJoinTask.doExec(ForkJoinTask.java)
	at java.util.concurrent.ForkJoinPool$WorkQueue.runTask(ForkJoinPool.java:1056)
	at java.util.concurrent.ForkJoinPool.runWorker(ForkJoinPool.java:1692)
	at java.util.concurrent.ForkJoinWorkerThread.run(ForkJoinWorkerThread.java:157)
14:28:55.402 [ForkJoinPool.commonPool-worker-1] ERROR c.s.a.t.e.ExecuteArchiveTasksService - [executeShellCmd,97] - cn.hutool.core.io.IORuntimeException: Can't load '/opt/homebrew/Cellar/percona-toolkit/3.5.5_2/libexec/lib/perl5/darwin-thread-multi-2level/auto/DBI/DBI.bundle' for module DBI: dlopen(/opt/homebrew/Cellar/percona-toolkit/3.5.5_2/libexec/lib/perl5/darwin-thread-multi-2level/auto/DBI/DBI.bundle, 0x0001): tried: '/opt/homebrew/Cellar/percona-toolkit/3.5.5_2/libexec/lib/perl5/darwin-thread-multi-2level/auto/DBI/DBI.bundle' (mach-o file, but is an incompatible architecture (have 'arm64', need 'x86_64')), '/usr/lib/DBI.bundle' (no such file) at /System/Library/Perl/5.30/darwin-thread-multi-2level/DynaLoader.pm line 197.
  at /opt/homebrew/Cellar/percona-toolkit/3.5.5_2/libexec/lib/perl5/darwin-thread-multi-2level/DBI.pm line 284.
BEGIN failed--compilation aborted at /opt/homebrew/Cellar/percona-toolkit/3.5.5_2/libexec/lib/perl5/darwin-thread-multi-2level/DBI.pm line 284.
Compilation failed in require at /opt/homebrew/Cellar/percona-toolkit/3.5.5_2/libexec/bin/pt-archiver line 6171.
BEGIN failed--compilation aborted at /opt/homebrew/Cellar/percona-toolkit/3.5.5_2/libexec/bin/pt-archiver line 6171.

java.lang.RuntimeException: cn.hutool.core.io.IORuntimeException: Can't load '/opt/homebrew/Cellar/percona-toolkit/3.5.5_2/libexec/lib/perl5/darwin-thread-multi-2level/auto/DBI/DBI.bundle' for module DBI: dlopen(/opt/homebrew/Cellar/percona-toolkit/3.5.5_2/libexec/lib/perl5/darwin-thread-multi-2level/auto/DBI/DBI.bundle, 0x0001): tried: '/opt/homebrew/Cellar/percona-toolkit/3.5.5_2/libexec/lib/perl5/darwin-thread-multi-2level/auto/DBI/DBI.bundle' (mach-o file, but is an incompatible architecture (have 'arm64', need 'x86_64')), '/usr/lib/DBI.bundle' (no such file) at /System/Library/Perl/5.30/darwin-thread-multi-2level/DynaLoader.pm line 197.
  at /opt/homebrew/Cellar/percona-toolkit/3.5.5_2/libexec/lib/perl5/darwin-thread-multi-2level/DBI.pm line 284.
BEGIN failed--compilation aborted at /opt/homebrew/Cellar/percona-toolkit/3.5.5_2/libexec/lib/perl5/darwin-thread-multi-2level/DBI.pm line 284.
Compilation failed in require at /opt/homebrew/Cellar/percona-toolkit/3.5.5_2/libexec/bin/pt-archiver line 6171.
BEGIN failed--compilation aborted at /opt/homebrew/Cellar/percona-toolkit/3.5.5_2/libexec/bin/pt-archiver line 6171.

	at com.skyjun.archive.task.execute.ShellCommandActuator.exec(ShellCommandActuator.java:49)
	at com.skyjun.archive.task.execute.ExecuteArchiveTasksService.executeShellCmd(ExecuteArchiveTasksService.java:91)
	at com.skyjun.archive.task.execute.ExecuteArchiveTasksService.lambda$executeArchiveTasks$1(ExecuteArchiveTasksService.java:62)
	at java.util.concurrent.CompletableFuture$AsyncSupply.run$$$capture(CompletableFuture.java:1590)
	at java.util.concurrent.CompletableFuture$AsyncSupply.run(CompletableFuture.java)
	at java.util.concurrent.CompletableFuture$AsyncSupply.exec(CompletableFuture.java:1582)
	at java.util.concurrent.ForkJoinTask.doExec$$$capture(ForkJoinTask.java:289)
	at java.util.concurrent.ForkJoinTask.doExec(ForkJoinTask.java)
	at java.util.concurrent.ForkJoinPool$WorkQueue.runTask(ForkJoinPool.java:1056)
	at java.util.concurrent.ForkJoinPool.runWorker(ForkJoinPool.java:1692)
	at java.util.concurrent.ForkJoinWorkerThread.run(ForkJoinWorkerThread.java:157)
Caused by: cn.hutool.core.io.IORuntimeException: Can't load '/opt/homebrew/Cellar/percona-toolkit/3.5.5_2/libexec/lib/perl5/darwin-thread-multi-2level/auto/DBI/DBI.bundle' for module DBI: dlopen(/opt/homebrew/Cellar/percona-toolkit/3.5.5_2/libexec/lib/perl5/darwin-thread-multi-2level/auto/DBI/DBI.bundle, 0x0001): tried: '/opt/homebrew/Cellar/percona-toolkit/3.5.5_2/libexec/lib/perl5/darwin-thread-multi-2level/auto/DBI/DBI.bundle' (mach-o file, but is an incompatible architecture (have 'arm64', need 'x86_64')), '/usr/lib/DBI.bundle' (no such file) at /System/Library/Perl/5.30/darwin-thread-multi-2level/DynaLoader.pm line 197.
  at /opt/homebrew/Cellar/percona-toolkit/3.5.5_2/libexec/lib/perl5/darwin-thread-multi-2level/DBI.pm line 284.
BEGIN failed--compilation aborted at /opt/homebrew/Cellar/percona-toolkit/3.5.5_2/libexec/lib/perl5/darwin-thread-multi-2level/DBI.pm line 284.
Compilation failed in require at /opt/homebrew/Cellar/percona-toolkit/3.5.5_2/libexec/bin/pt-archiver line 6171.
BEGIN failed--compilation aborted at /opt/homebrew/Cellar/percona-toolkit/3.5.5_2/libexec/bin/pt-archiver line 6171.

	at com.skyjun.archive.task.execute.ShellCommandActuator.getLogs(ShellCommandActuator.java:130)
	at com.skyjun.archive.task.execute.ShellCommandActuator.exec(ShellCommandActuator.java:46)
	... 10 common frames omitted
16:57:02.811 [http-nio-8080-exec-2] ERROR o.a.c.c.C.[.[.[.[dispatcherServlet] - [log,175] - Servlet.service() for servlet [dispatcherServlet] in context with path [] threw exception [Request processing failed; nested exception is org.mybatis.spring.MyBatisSystemException: nested exception is org.apache.ibatis.builder.BuilderException: Error evaluating expression 'ew != null and ew.sqlFirst != null'. Cause: org.apache.ibatis.ognl.OgnlException: sqlFirst [com.baomidou.mybatisplus.core.exceptions.MybatisPlusException: can not use this method for "getSqlFirst"]] with root cause
com.baomidou.mybatisplus.core.exceptions.MybatisPlusException: can not use this method for "getSqlFirst"
	at com.baomidou.mybatisplus.core.toolkit.ExceptionUtils.mpe(ExceptionUtils.java:49)
	at com.baomidou.mybatisplus.extension.conditions.AbstractChainWrapper.getSqlFirst(AbstractChainWrapper.java:289)
	at sun.reflect.NativeMethodAccessorImpl.invoke0(Native Method)
	at sun.reflect.NativeMethodAccessorImpl.invoke(NativeMethodAccessorImpl.java:62)
	at sun.reflect.DelegatingMethodAccessorImpl.invoke(DelegatingMethodAccessorImpl.java:43)
	at java.lang.reflect.Method.invoke(Method.java:498)
	at org.apache.ibatis.ognl.OgnlRuntime.invokeMethodInsideSandbox(OgnlRuntime.java:1269)
	at org.apache.ibatis.ognl.OgnlRuntime.invokeMethod(OgnlRuntime.java:1254)
	at org.apache.ibatis.ognl.OgnlRuntime.getMethodValue(OgnlRuntime.java:2160)
	at org.apache.ibatis.ognl.ObjectPropertyAccessor.getPossibleProperty(ObjectPropertyAccessor.java:66)
	at org.apache.ibatis.ognl.ObjectPropertyAccessor.getProperty(ObjectPropertyAccessor.java:160)
	at org.apache.ibatis.ognl.OgnlRuntime.getProperty(OgnlRuntime.java:3338)
	at org.apache.ibatis.ognl.ASTProperty.getValueBody(ASTProperty.java:121)
	at org.apache.ibatis.ognl.SimpleNode.evaluateGetValueBody(SimpleNode.java:212)
	at org.apache.ibatis.ognl.SimpleNode.getValue(SimpleNode.java:258)
	at org.apache.ibatis.ognl.ASTChain.getValueBody(ASTChain.java:141)
	at org.apache.ibatis.ognl.SimpleNode.evaluateGetValueBody(SimpleNode.java:212)
	at org.apache.ibatis.ognl.SimpleNode.getValue(SimpleNode.java:258)
	at org.apache.ibatis.ognl.ASTNotEq.getValueBody(ASTNotEq.java:50)
	at org.apache.ibatis.ognl.SimpleNode.evaluateGetValueBody(SimpleNode.java:212)
	at org.apache.ibatis.ognl.SimpleNode.getValue(SimpleNode.java:258)
	at org.apache.ibatis.ognl.ASTAnd.getValueBody(ASTAnd.java:61)
	at org.apache.ibatis.ognl.SimpleNode.evaluateGetValueBody(SimpleNode.java:212)
	at org.apache.ibatis.ognl.SimpleNode.getValue(SimpleNode.java:258)
	at org.apache.ibatis.ognl.Ognl.getValue(Ognl.java:560)
	at org.apache.ibatis.ognl.Ognl.getValue(Ognl.java:524)
	at org.apache.ibatis.scripting.xmltags.OgnlCache.getValue(OgnlCache.java:46)
	at org.apache.ibatis.scripting.xmltags.ExpressionEvaluator.evaluateBoolean(ExpressionEvaluator.java:32)
	at org.apache.ibatis.scripting.xmltags.IfSqlNode.apply(IfSqlNode.java:34)
	at org.apache.ibatis.scripting.xmltags.ChooseSqlNode.apply(ChooseSqlNode.java:35)
	at org.apache.ibatis.scripting.xmltags.MixedSqlNode.lambda$apply$0(MixedSqlNode.java:32)
	at java.util.ArrayList.forEach(ArrayList.java:1257)
	at org.apache.ibatis.scripting.xmltags.MixedSqlNode.apply(MixedSqlNode.java:32)
	at org.apache.ibatis.scripting.xmltags.DynamicSqlSource.getBoundSql(DynamicSqlSource.java:39)
	at org.apache.ibatis.mapping.MappedStatement.getBoundSql(MappedStatement.java:305)
	at com.baomidou.mybatisplus.core.executor.MybatisCachingExecutor.query(MybatisCachingExecutor.java:90)
	at org.apache.ibatis.session.defaults.DefaultSqlSession.selectList(DefaultSqlSession.java:147)
	at org.apache.ibatis.session.defaults.DefaultSqlSession.selectList(DefaultSqlSession.java:140)
	at sun.reflect.NativeMethodAccessorImpl.invoke0(Native Method)
	at sun.reflect.NativeMethodAccessorImpl.invoke(NativeMethodAccessorImpl.java:62)
	at sun.reflect.DelegatingMethodAccessorImpl.invoke(DelegatingMethodAccessorImpl.java:43)
	at java.lang.reflect.Method.invoke(Method.java:498)
	at org.mybatis.spring.SqlSessionTemplate$SqlSessionInterceptor.invoke(SqlSessionTemplate.java:426)
	at com.sun.proxy.$Proxy61.selectList(Unknown Source)
	at org.mybatis.spring.SqlSessionTemplate.selectList(SqlSessionTemplate.java:223)
	at com.baomidou.mybatisplus.core.override.MybatisMapperMethod.executeForMany(MybatisMapperMethod.java:173)
	at com.baomidou.mybatisplus.core.override.MybatisMapperMethod.execute(MybatisMapperMethod.java:78)
	at com.baomidou.mybatisplus.core.override.MybatisMapperProxy$PlainMethodInvoker.invoke(MybatisMapperProxy.java:148)
	at com.baomidou.mybatisplus.core.override.MybatisMapperProxy.invoke(MybatisMapperProxy.java:89)
	at com.sun.proxy.$Proxy62.selectList(Unknown Source)
	at com.baomidou.mybatisplus.extension.service.IService.list(IService.java:279)
	at com.baomidou.mybatisplus.extension.service.IService$$FastClassBySpringCGLIB$$f8525d18.invoke(<generated>)
	at org.springframework.cglib.proxy.MethodProxy.invoke(MethodProxy.java:218)
	at org.springframework.aop.framework.CglibAopProxy$DynamicAdvisedInterceptor.intercept(CglibAopProxy.java:687)
	at com.skyjun.archive.infrastructure.db.service.impl.ArchiveConfigServiceImpl$$EnhancerBySpringCGLIB$$88ef92f9.list(<generated>)
	at com.skyjun.archive.api.ArchiveController.list(ArchiveController.java:63)
	at sun.reflect.NativeMethodAccessorImpl.invoke0(Native Method)
	at sun.reflect.NativeMethodAccessorImpl.invoke(NativeMethodAccessorImpl.java:62)
	at sun.reflect.DelegatingMethodAccessorImpl.invoke(DelegatingMethodAccessorImpl.java:43)
	at java.lang.reflect.Method.invoke(Method.java:498)
	at org.springframework.web.method.support.InvocableHandlerMethod.doInvoke(InvocableHandlerMethod.java:190)
	at org.springframework.web.method.support.InvocableHandlerMethod.invokeForRequest(InvocableHandlerMethod.java:138)
	at org.springframework.web.servlet.mvc.method.annotation.ServletInvocableHandlerMethod.invokeAndHandle(ServletInvocableHandlerMethod.java:105)
	at org.springframework.web.servlet.mvc.method.annotation.RequestMappingHandlerAdapter.invokeHandlerMethod(RequestMappingHandlerAdapter.java:878)
	at org.springframework.web.servlet.mvc.method.annotation.RequestMappingHandlerAdapter.handleInternal(RequestMappingHandlerAdapter.java:792)
	at org.springframework.web.servlet.mvc.method.AbstractHandlerMethodAdapter.handle(AbstractHandlerMethodAdapter.java:87)
	at org.springframework.web.servlet.DispatcherServlet.doDispatch(DispatcherServlet.java:1040)
	at org.springframework.web.servlet.DispatcherServlet.doService(DispatcherServlet.java:943)
	at org.springframework.web.servlet.FrameworkServlet.processRequest(FrameworkServlet.java:1006)
	at org.springframework.web.servlet.FrameworkServlet.doPost(FrameworkServlet.java:909)
	at javax.servlet.http.HttpServlet.service(HttpServlet.java:652)
	at org.springframework.web.servlet.FrameworkServlet.service(FrameworkServlet.java:883)
	at javax.servlet.http.HttpServlet.service(HttpServlet.java:733)
	at org.apache.catalina.core.ApplicationFilterChain.internalDoFilter(ApplicationFilterChain.java:231)
	at org.apache.catalina.core.ApplicationFilterChain.doFilter(ApplicationFilterChain.java:166)
	at org.apache.tomcat.websocket.server.WsFilter.doFilter(WsFilter.java:53)
	at org.apache.catalina.core.ApplicationFilterChain.internalDoFilter(ApplicationFilterChain.java:193)
	at org.apache.catalina.core.ApplicationFilterChain.doFilter(ApplicationFilterChain.java:166)
	at org.springframework.web.filter.RequestContextFilter.doFilterInternal(RequestContextFilter.java:100)
	at org.springframework.web.filter.OncePerRequestFilter.doFilter(OncePerRequestFilter.java:119)
	at org.apache.catalina.core.ApplicationFilterChain.internalDoFilter(ApplicationFilterChain.java:193)
	at org.apache.catalina.core.ApplicationFilterChain.doFilter(ApplicationFilterChain.java:166)
	at org.springframework.web.filter.FormContentFilter.doFilterInternal(FormContentFilter.java:93)
	at org.springframework.web.filter.OncePerRequestFilter.doFilter(OncePerRequestFilter.java:119)
	at org.apache.catalina.core.ApplicationFilterChain.internalDoFilter(ApplicationFilterChain.java:193)
	at org.apache.catalina.core.ApplicationFilterChain.doFilter(ApplicationFilterChain.java:166)
	at org.springframework.web.filter.CharacterEncodingFilter.doFilterInternal(CharacterEncodingFilter.java:201)
	at org.springframework.web.filter.OncePerRequestFilter.doFilter(OncePerRequestFilter.java:119)
	at org.apache.catalina.core.ApplicationFilterChain.internalDoFilter(ApplicationFilterChain.java:193)
	at org.apache.catalina.core.ApplicationFilterChain.doFilter(ApplicationFilterChain.java:166)
	at org.apache.catalina.core.StandardWrapperValve.invoke(StandardWrapperValve.java:202)
	at org.apache.catalina.core.StandardContextValve.invoke(StandardContextValve.java:97)
	at org.apache.catalina.authenticator.AuthenticatorBase.invoke(AuthenticatorBase.java:542)
	at org.apache.catalina.core.StandardHostValve.invoke(StandardHostValve.java:143)
	at org.apache.catalina.valves.ErrorReportValve.invoke(ErrorReportValve.java:92)
	at org.apache.catalina.core.StandardEngineValve.invoke(StandardEngineValve.java:78)
	at org.apache.catalina.connector.CoyoteAdapter.service(CoyoteAdapter.java:343)
	at org.apache.coyote.http11.Http11Processor.service(Http11Processor.java:374)
	at org.apache.coyote.AbstractProcessorLight.process(AbstractProcessorLight.java:65)
	at org.apache.coyote.AbstractProtocol$ConnectionHandler.process(AbstractProtocol.java:888)
	at org.apache.tomcat.util.net.NioEndpoint$SocketProcessor.doRun(NioEndpoint.java:1597)
	at org.apache.tomcat.util.net.SocketProcessorBase.run(SocketProcessorBase.java:49)
	at java.util.concurrent.ThreadPoolExecutor.runWorker(ThreadPoolExecutor.java:1149)
	at java.util.concurrent.ThreadPoolExecutor$Worker.run(ThreadPoolExecutor.java:624)
	at org.apache.tomcat.util.threads.TaskThread$WrappingRunnable.run(TaskThread.java:61)
	at java.lang.Thread.run(Thread.java:748)
