14:38:00.915 [scheduling-1] ERROR c.s.a.t.g.GenerateArchiveTasksService - [generateArchiveTasks,65] - [BIZ] >>>>>>>>>>>>>>>> 当前没有归档任务需要生成
14:39:00.180 [scheduling-1] ERROR c.s.a.t.g.GenerateArchiveTasksService - [generateArchiveTasks,65] - [BIZ] >>>>>>>>>>>>>>>> 当前没有归档任务需要生成
14:40:00.198 [scheduling-1] ERROR c.s.a.t.g.GenerateArchiveTasksService - [generateArchiveTasks,65] - [BIZ] >>>>>>>>>>>>>>>> 当前没有归档任务需要生成
14:41:00.167 [scheduling-1] ERROR c.s.a.t.g.GenerateArchiveTasksService - [generateArchiveTasks,65] - [BIZ] >>>>>>>>>>>>>>>> 当前没有归档任务需要生成
14:42:00.158 [scheduling-1] ERROR c.s.a.t.g.GenerateArchiveTasksService - [generateArchiveTasks,65] - [BIZ] >>>>>>>>>>>>>>>> 当前没有归档任务需要生成
14:43:00.236 [scheduling-1] ERROR c.s.a.t.g.GenerateArchiveTasksService - [generateArchiveTasks,65] - [BIZ] >>>>>>>>>>>>>>>> 当前没有归档任务需要生成
14:44:00.193 [scheduling-1] ERROR c.s.a.t.g.GenerateArchiveTasksService - [generateArchiveTasks,65] - [BIZ] >>>>>>>>>>>>>>>> 当前没有归档任务需要生成
14:45:00.233 [scheduling-1] ERROR c.s.a.t.g.GenerateArchiveTasksService - [generateArchiveTasks,65] - [BIZ] >>>>>>>>>>>>>>>> 当前没有归档任务需要生成
14:46:00.175 [scheduling-1] ERROR c.s.a.t.g.GenerateArchiveTasksService - [generateArchiveTasks,65] - [BIZ] >>>>>>>>>>>>>>>> 当前没有归档任务需要生成
14:47:00.240 [scheduling-1] ERROR c.s.a.t.g.GenerateArchiveTasksService - [generateArchiveTasks,65] - [BIZ] >>>>>>>>>>>>>>>> 当前没有归档任务需要生成
14:48:00.178 [scheduling-1] ERROR c.s.a.t.g.GenerateArchiveTasksService - [generateArchiveTasks,65] - [BIZ] >>>>>>>>>>>>>>>> 当前没有归档任务需要生成
14:49:00.213 [scheduling-1] ERROR c.s.a.t.g.GenerateArchiveTasksService - [generateArchiveTasks,65] - [BIZ] >>>>>>>>>>>>>>>> 当前没有归档任务需要生成
14:49:51.330 [http-nio-8080-exec-5] ERROR o.a.c.c.C.[.[.[.[dispatcherServlet] - [log,175] - Servlet.service() for servlet [dispatcherServlet] in context with path [] threw exception [Request processing failed; nested exception is org.springframework.dao.DataIntegrityViolationException: 
### Error updating database.  Cause: java.sql.SQLException: Field 'source_table' doesn't have a default value
### The error may exist in com/smartlink/archive/infrastructure/db/mapper/ArchiveConfigMapper.java (best guess)
### The error may involve com.smartlink.archive.infrastructure.db.mapper.ArchiveConfigMapper.insert-Inline
### The error occurred while setting parameters
### SQL: INSERT INTO archive_config  ( archive_type, source_host, source_port, source_db,   dest_host, dest_port, dest_db,   archive_mode, charset, archive_condition, exec_time_window_cron, priority,     is_enable,  extension_cmd )  VALUES  ( ?, ?, ?, ?,   ?, ?, ?,   ?, ?, ?, ?, ?,     ?,  ? )
### Cause: java.sql.SQLException: Field 'source_table' doesn't have a default value
; Field 'source_table' doesn't have a default value; nested exception is java.sql.SQLException: Field 'source_table' doesn't have a default value] with root cause
java.sql.SQLException: Field 'source_table' doesn't have a default value
	at com.mysql.cj.jdbc.exceptions.SQLError.createSQLException(SQLError.java:129)
	at com.mysql.cj.jdbc.exceptions.SQLExceptionsMapping.translateException(SQLExceptionsMapping.java:122)
	at com.mysql.cj.jdbc.ClientPreparedStatement.executeInternal(ClientPreparedStatement.java:916)
	at com.mysql.cj.jdbc.ClientPreparedStatement.execute(ClientPreparedStatement.java:354)
	at com.zaxxer.hikari.pool.ProxyPreparedStatement.execute(ProxyPreparedStatement.java:44)
	at com.zaxxer.hikari.pool.HikariProxyPreparedStatement.execute(HikariProxyPreparedStatement.java)
	at org.apache.ibatis.executor.statement.PreparedStatementHandler.update(PreparedStatementHandler.java:47)
	at org.apache.ibatis.executor.statement.RoutingStatementHandler.update(RoutingStatementHandler.java:74)
	at com.baomidou.mybatisplus.core.executor.MybatisSimpleExecutor.doUpdate(MybatisSimpleExecutor.java:56)
	at org.apache.ibatis.executor.BaseExecutor.update(BaseExecutor.java:117)
	at com.baomidou.mybatisplus.core.executor.MybatisCachingExecutor.update(MybatisCachingExecutor.java:85)
	at org.apache.ibatis.session.defaults.DefaultSqlSession.update(DefaultSqlSession.java:197)
	at org.apache.ibatis.session.defaults.DefaultSqlSession.insert(DefaultSqlSession.java:184)
	at sun.reflect.NativeMethodAccessorImpl.invoke0(Native Method)
	at sun.reflect.NativeMethodAccessorImpl.invoke(NativeMethodAccessorImpl.java:62)
	at sun.reflect.DelegatingMethodAccessorImpl.invoke(DelegatingMethodAccessorImpl.java:43)
	at java.lang.reflect.Method.invoke(Method.java:498)
	at org.mybatis.spring.SqlSessionTemplate$SqlSessionInterceptor.invoke(SqlSessionTemplate.java:426)
	at com.sun.proxy.$Proxy61.insert(Unknown Source)
	at org.mybatis.spring.SqlSessionTemplate.insert(SqlSessionTemplate.java:271)
	at com.baomidou.mybatisplus.core.override.MybatisMapperMethod.execute(MybatisMapperMethod.java:60)
	at com.baomidou.mybatisplus.core.override.MybatisMapperProxy$PlainMethodInvoker.invoke(MybatisMapperProxy.java:148)
	at com.baomidou.mybatisplus.core.override.MybatisMapperProxy.invoke(MybatisMapperProxy.java:89)
	at com.sun.proxy.$Proxy62.insert(Unknown Source)
	at com.baomidou.mybatisplus.extension.service.IService.save(IService.java:63)
	at com.baomidou.mybatisplus.extension.service.impl.ServiceImpl.saveOrUpdate(ServiceImpl.java:164)
	at com.baomidou.mybatisplus.extension.service.impl.ServiceImpl$$FastClassBySpringCGLIB$$76535273.invoke(<generated>)
	at org.springframework.cglib.proxy.MethodProxy.invoke(MethodProxy.java:218)
	at org.springframework.aop.framework.CglibAopProxy$CglibMethodInvocation.invokeJoinpoint(CglibAopProxy.java:771)
	at org.springframework.aop.framework.ReflectiveMethodInvocation.proceed(ReflectiveMethodInvocation.java:163)
	at org.springframework.aop.framework.CglibAopProxy$CglibMethodInvocation.proceed(CglibAopProxy.java:749)
	at org.springframework.transaction.interceptor.TransactionAspectSupport.invokeWithinTransaction(TransactionAspectSupport.java:367)
	at org.springframework.transaction.interceptor.TransactionInterceptor.invoke(TransactionInterceptor.java:118)
	at org.springframework.aop.framework.ReflectiveMethodInvocation.proceed(ReflectiveMethodInvocation.java:186)
	at org.springframework.aop.framework.CglibAopProxy$CglibMethodInvocation.proceed(CglibAopProxy.java:749)
	at org.springframework.aop.framework.CglibAopProxy$DynamicAdvisedInterceptor.intercept(CglibAopProxy.java:691)
	at com.smartlink.archive.infrastructure.db.service.impl.ArchiveConfigServiceImpl$$EnhancerBySpringCGLIB$$84eb914a.saveOrUpdate(<generated>)
	at com.smartlink.archive.api.ArchiveController.save(ArchiveController.java:50)
	at sun.reflect.NativeMethodAccessorImpl.invoke0(Native Method)
	at sun.reflect.NativeMethodAccessorImpl.invoke(NativeMethodAccessorImpl.java:62)
	at sun.reflect.DelegatingMethodAccessorImpl.invoke(DelegatingMethodAccessorImpl.java:43)
	at java.lang.reflect.Method.invoke(Method.java:498)
	at org.springframework.web.method.support.InvocableHandlerMethod.doInvoke(InvocableHandlerMethod.java:190)
	at org.springframework.web.method.support.InvocableHandlerMethod.invokeForRequest(InvocableHandlerMethod.java:138)
	at org.springframework.web.servlet.mvc.method.annotation.ServletInvocableHandlerMethod.invokeAndHandle(ServletInvocableHandlerMethod.java:105)
	at org.springframework.web.servlet.mvc.method.annotation.RequestMappingHandlerAdapter.invokeHandlerMethod(RequestMappingHandlerAdapter.java:878)
	at org.springframework.web.servlet.mvc.method.annotation.RequestMappingHandlerAdapter.handleInternal(RequestMappingHandlerAdapter.java:792)
	at org.springframework.web.servlet.mvc.method.AbstractHandlerMethodAdapter.handle(AbstractHandlerMethodAdapter.java:87)
	at org.springframework.web.servlet.DispatcherServlet.doDispatch(DispatcherServlet.java:1040)
	at org.springframework.web.servlet.DispatcherServlet.doService(DispatcherServlet.java:943)
	at org.springframework.web.servlet.FrameworkServlet.processRequest(FrameworkServlet.java:1006)
	at org.springframework.web.servlet.FrameworkServlet.doPost(FrameworkServlet.java:909)
	at javax.servlet.http.HttpServlet.service(HttpServlet.java:652)
	at org.springframework.web.servlet.FrameworkServlet.service(FrameworkServlet.java:883)
	at javax.servlet.http.HttpServlet.service(HttpServlet.java:733)
	at org.apache.catalina.core.ApplicationFilterChain.internalDoFilter(ApplicationFilterChain.java:231)
	at org.apache.catalina.core.ApplicationFilterChain.doFilter(ApplicationFilterChain.java:166)
	at org.apache.tomcat.websocket.server.WsFilter.doFilter(WsFilter.java:53)
	at org.apache.catalina.core.ApplicationFilterChain.internalDoFilter(ApplicationFilterChain.java:193)
	at org.apache.catalina.core.ApplicationFilterChain.doFilter(ApplicationFilterChain.java:166)
	at org.springframework.web.filter.RequestContextFilter.doFilterInternal(RequestContextFilter.java:100)
	at org.springframework.web.filter.OncePerRequestFilter.doFilter(OncePerRequestFilter.java:119)
	at org.apache.catalina.core.ApplicationFilterChain.internalDoFilter(ApplicationFilterChain.java:193)
	at org.apache.catalina.core.ApplicationFilterChain.doFilter(ApplicationFilterChain.java:166)
	at org.springframework.web.filter.FormContentFilter.doFilterInternal(FormContentFilter.java:93)
	at org.springframework.web.filter.OncePerRequestFilter.doFilter(OncePerRequestFilter.java:119)
	at org.apache.catalina.core.ApplicationFilterChain.internalDoFilter(ApplicationFilterChain.java:193)
	at org.apache.catalina.core.ApplicationFilterChain.doFilter(ApplicationFilterChain.java:166)
	at org.springframework.web.filter.CharacterEncodingFilter.doFilterInternal(CharacterEncodingFilter.java:201)
	at org.springframework.web.filter.OncePerRequestFilter.doFilter(OncePerRequestFilter.java:119)
	at org.apache.catalina.core.ApplicationFilterChain.internalDoFilter(ApplicationFilterChain.java:193)
	at org.apache.catalina.core.ApplicationFilterChain.doFilter(ApplicationFilterChain.java:166)
	at org.apache.catalina.core.StandardWrapperValve.invoke(StandardWrapperValve.java:202)
	at org.apache.catalina.core.StandardContextValve.invoke(StandardContextValve.java:97)
	at org.apache.catalina.authenticator.AuthenticatorBase.invoke(AuthenticatorBase.java:542)
	at org.apache.catalina.core.StandardHostValve.invoke(StandardHostValve.java:143)
	at org.apache.catalina.valves.ErrorReportValve.invoke(ErrorReportValve.java:92)
	at org.apache.catalina.core.StandardEngineValve.invoke(StandardEngineValve.java:78)
	at org.apache.catalina.connector.CoyoteAdapter.service(CoyoteAdapter.java:343)
	at org.apache.coyote.http11.Http11Processor.service(Http11Processor.java:374)
	at org.apache.coyote.AbstractProcessorLight.process(AbstractProcessorLight.java:65)
	at org.apache.coyote.AbstractProtocol$ConnectionHandler.process(AbstractProtocol.java:888)
	at org.apache.tomcat.util.net.NioEndpoint$SocketProcessor.doRun(NioEndpoint.java:1597)
	at org.apache.tomcat.util.net.SocketProcessorBase.run(SocketProcessorBase.java:49)
	at java.util.concurrent.ThreadPoolExecutor.runWorker(ThreadPoolExecutor.java:1149)
	at java.util.concurrent.ThreadPoolExecutor$Worker.run(ThreadPoolExecutor.java:624)
	at org.apache.tomcat.util.threads.TaskThread$WrappingRunnable.run(TaskThread.java:61)
	at java.lang.Thread.run(Thread.java:748)
14:50:00.209 [scheduling-1] ERROR c.s.a.t.g.GenerateArchiveTasksService - [generateArchiveTasks,65] - [BIZ] >>>>>>>>>>>>>>>> 当前没有归档任务需要生成
14:51:00.895 [scheduling-1] ERROR c.s.a.t.g.GenerateArchiveTasksService - [generateArchiveTasks,65] - [BIZ] >>>>>>>>>>>>>>>> 当前没有归档任务需要生成
14:51:16.035 [http-nio-8080-exec-1] ERROR o.a.c.c.C.[.[.[.[dispatcherServlet] - [log,175] - Servlet.service() for servlet [dispatcherServlet] in context with path [] threw exception [Request processing failed; nested exception is org.springframework.dao.DataIntegrityViolationException: 
### Error updating database.  Cause: java.sql.SQLException: Field 'source_table' doesn't have a default value
### The error may exist in com/smartlink/archive/infrastructure/db/mapper/ArchiveConfigMapper.java (best guess)
### The error may involve com.smartlink.archive.infrastructure.db.mapper.ArchiveConfigMapper.insert-Inline
### The error occurred while setting parameters
### SQL: INSERT INTO archive_config  ( archive_type, source_host, source_port, source_db,   dest_host, dest_port, dest_db,   archive_mode, charset, archive_condition, exec_time_window_cron, priority,     is_enable,  extension_cmd )  VALUES  ( ?, ?, ?, ?,   ?, ?, ?,   ?, ?, ?, ?, ?,     ?,  ? )
### Cause: java.sql.SQLException: Field 'source_table' doesn't have a default value
; Field 'source_table' doesn't have a default value; nested exception is java.sql.SQLException: Field 'source_table' doesn't have a default value] with root cause
java.sql.SQLException: Field 'source_table' doesn't have a default value
	at com.mysql.cj.jdbc.exceptions.SQLError.createSQLException(SQLError.java:129)
	at com.mysql.cj.jdbc.exceptions.SQLExceptionsMapping.translateException(SQLExceptionsMapping.java:122)
	at com.mysql.cj.jdbc.ClientPreparedStatement.executeInternal(ClientPreparedStatement.java:916)
	at com.mysql.cj.jdbc.ClientPreparedStatement.execute(ClientPreparedStatement.java:354)
	at com.zaxxer.hikari.pool.ProxyPreparedStatement.execute(ProxyPreparedStatement.java:44)
	at com.zaxxer.hikari.pool.HikariProxyPreparedStatement.execute(HikariProxyPreparedStatement.java)
	at org.apache.ibatis.executor.statement.PreparedStatementHandler.update(PreparedStatementHandler.java:47)
	at org.apache.ibatis.executor.statement.RoutingStatementHandler.update(RoutingStatementHandler.java:74)
	at com.baomidou.mybatisplus.core.executor.MybatisSimpleExecutor.doUpdate(MybatisSimpleExecutor.java:56)
	at org.apache.ibatis.executor.BaseExecutor.update(BaseExecutor.java:117)
	at com.baomidou.mybatisplus.core.executor.MybatisCachingExecutor.update(MybatisCachingExecutor.java:85)
	at org.apache.ibatis.session.defaults.DefaultSqlSession.update(DefaultSqlSession.java:197)
	at org.apache.ibatis.session.defaults.DefaultSqlSession.insert(DefaultSqlSession.java:184)
	at sun.reflect.NativeMethodAccessorImpl.invoke0(Native Method)
	at sun.reflect.NativeMethodAccessorImpl.invoke(NativeMethodAccessorImpl.java:62)
	at sun.reflect.DelegatingMethodAccessorImpl.invoke(DelegatingMethodAccessorImpl.java:43)
	at java.lang.reflect.Method.invoke(Method.java:498)
	at org.mybatis.spring.SqlSessionTemplate$SqlSessionInterceptor.invoke(SqlSessionTemplate.java:426)
	at com.sun.proxy.$Proxy61.insert(Unknown Source)
	at org.mybatis.spring.SqlSessionTemplate.insert(SqlSessionTemplate.java:271)
	at com.baomidou.mybatisplus.core.override.MybatisMapperMethod.execute(MybatisMapperMethod.java:60)
	at com.baomidou.mybatisplus.core.override.MybatisMapperProxy$PlainMethodInvoker.invoke(MybatisMapperProxy.java:148)
	at com.baomidou.mybatisplus.core.override.MybatisMapperProxy.invoke(MybatisMapperProxy.java:89)
	at com.sun.proxy.$Proxy62.insert(Unknown Source)
	at com.baomidou.mybatisplus.extension.service.IService.save(IService.java:63)
	at com.baomidou.mybatisplus.extension.service.impl.ServiceImpl.saveOrUpdate(ServiceImpl.java:164)
	at com.baomidou.mybatisplus.extension.service.impl.ServiceImpl$$FastClassBySpringCGLIB$$76535273.invoke(<generated>)
	at org.springframework.cglib.proxy.MethodProxy.invoke(MethodProxy.java:218)
	at org.springframework.aop.framework.CglibAopProxy$CglibMethodInvocation.invokeJoinpoint(CglibAopProxy.java:771)
	at org.springframework.aop.framework.ReflectiveMethodInvocation.proceed(ReflectiveMethodInvocation.java:163)
	at org.springframework.aop.framework.CglibAopProxy$CglibMethodInvocation.proceed(CglibAopProxy.java:749)
	at org.springframework.transaction.interceptor.TransactionAspectSupport.invokeWithinTransaction(TransactionAspectSupport.java:367)
	at org.springframework.transaction.interceptor.TransactionInterceptor.invoke(TransactionInterceptor.java:118)
	at org.springframework.aop.framework.ReflectiveMethodInvocation.proceed(ReflectiveMethodInvocation.java:186)
	at org.springframework.aop.framework.CglibAopProxy$CglibMethodInvocation.proceed(CglibAopProxy.java:749)
	at org.springframework.aop.framework.CglibAopProxy$DynamicAdvisedInterceptor.intercept(CglibAopProxy.java:691)
	at com.smartlink.archive.infrastructure.db.service.impl.ArchiveConfigServiceImpl$$EnhancerBySpringCGLIB$$54ff888b.saveOrUpdate(<generated>)
	at com.smartlink.archive.api.ArchiveController.save(ArchiveController.java:50)
	at sun.reflect.NativeMethodAccessorImpl.invoke0(Native Method)
	at sun.reflect.NativeMethodAccessorImpl.invoke(NativeMethodAccessorImpl.java:62)
	at sun.reflect.DelegatingMethodAccessorImpl.invoke(DelegatingMethodAccessorImpl.java:43)
	at java.lang.reflect.Method.invoke(Method.java:498)
	at org.springframework.web.method.support.InvocableHandlerMethod.doInvoke(InvocableHandlerMethod.java:190)
	at org.springframework.web.method.support.InvocableHandlerMethod.invokeForRequest(InvocableHandlerMethod.java:138)
	at org.springframework.web.servlet.mvc.method.annotation.ServletInvocableHandlerMethod.invokeAndHandle(ServletInvocableHandlerMethod.java:105)
	at org.springframework.web.servlet.mvc.method.annotation.RequestMappingHandlerAdapter.invokeHandlerMethod(RequestMappingHandlerAdapter.java:878)
	at org.springframework.web.servlet.mvc.method.annotation.RequestMappingHandlerAdapter.handleInternal(RequestMappingHandlerAdapter.java:792)
	at org.springframework.web.servlet.mvc.method.AbstractHandlerMethodAdapter.handle(AbstractHandlerMethodAdapter.java:87)
	at org.springframework.web.servlet.DispatcherServlet.doDispatch(DispatcherServlet.java:1040)
	at org.springframework.web.servlet.DispatcherServlet.doService(DispatcherServlet.java:943)
	at org.springframework.web.servlet.FrameworkServlet.processRequest(FrameworkServlet.java:1006)
	at org.springframework.web.servlet.FrameworkServlet.doPost(FrameworkServlet.java:909)
	at javax.servlet.http.HttpServlet.service(HttpServlet.java:652)
	at org.springframework.web.servlet.FrameworkServlet.service(FrameworkServlet.java:883)
	at javax.servlet.http.HttpServlet.service(HttpServlet.java:733)
	at org.apache.catalina.core.ApplicationFilterChain.internalDoFilter(ApplicationFilterChain.java:231)
	at org.apache.catalina.core.ApplicationFilterChain.doFilter(ApplicationFilterChain.java:166)
	at org.apache.tomcat.websocket.server.WsFilter.doFilter(WsFilter.java:53)
	at org.apache.catalina.core.ApplicationFilterChain.internalDoFilter(ApplicationFilterChain.java:193)
	at org.apache.catalina.core.ApplicationFilterChain.doFilter(ApplicationFilterChain.java:166)
	at org.springframework.web.filter.RequestContextFilter.doFilterInternal(RequestContextFilter.java:100)
	at org.springframework.web.filter.OncePerRequestFilter.doFilter(OncePerRequestFilter.java:119)
	at org.apache.catalina.core.ApplicationFilterChain.internalDoFilter(ApplicationFilterChain.java:193)
	at org.apache.catalina.core.ApplicationFilterChain.doFilter(ApplicationFilterChain.java:166)
	at org.springframework.web.filter.FormContentFilter.doFilterInternal(FormContentFilter.java:93)
	at org.springframework.web.filter.OncePerRequestFilter.doFilter(OncePerRequestFilter.java:119)
	at org.apache.catalina.core.ApplicationFilterChain.internalDoFilter(ApplicationFilterChain.java:193)
	at org.apache.catalina.core.ApplicationFilterChain.doFilter(ApplicationFilterChain.java:166)
	at org.springframework.web.filter.CharacterEncodingFilter.doFilterInternal(CharacterEncodingFilter.java:201)
	at org.springframework.web.filter.OncePerRequestFilter.doFilter(OncePerRequestFilter.java:119)
	at org.apache.catalina.core.ApplicationFilterChain.internalDoFilter(ApplicationFilterChain.java:193)
	at org.apache.catalina.core.ApplicationFilterChain.doFilter(ApplicationFilterChain.java:166)
	at org.apache.catalina.core.StandardWrapperValve.invoke(StandardWrapperValve.java:202)
	at org.apache.catalina.core.StandardContextValve.invoke(StandardContextValve.java:97)
	at org.apache.catalina.authenticator.AuthenticatorBase.invoke(AuthenticatorBase.java:542)
	at org.apache.catalina.core.StandardHostValve.invoke(StandardHostValve.java:143)
	at org.apache.catalina.valves.ErrorReportValve.invoke(ErrorReportValve.java:92)
	at org.apache.catalina.core.StandardEngineValve.invoke(StandardEngineValve.java:78)
	at org.apache.catalina.connector.CoyoteAdapter.service(CoyoteAdapter.java:343)
	at org.apache.coyote.http11.Http11Processor.service(Http11Processor.java:374)
	at org.apache.coyote.AbstractProcessorLight.process(AbstractProcessorLight.java:65)
	at org.apache.coyote.AbstractProtocol$ConnectionHandler.process(AbstractProtocol.java:888)
	at org.apache.tomcat.util.net.NioEndpoint$SocketProcessor.doRun(NioEndpoint.java:1597)
	at org.apache.tomcat.util.net.SocketProcessorBase.run(SocketProcessorBase.java:49)
	at java.util.concurrent.ThreadPoolExecutor.runWorker(ThreadPoolExecutor.java:1149)
	at java.util.concurrent.ThreadPoolExecutor$Worker.run(ThreadPoolExecutor.java:624)
	at org.apache.tomcat.util.threads.TaskThread$WrappingRunnable.run(TaskThread.java:61)
	at java.lang.Thread.run(Thread.java:748)
14:52:00.195 [scheduling-1] ERROR c.s.a.t.g.GenerateArchiveTasksService - [generateArchiveTasks,65] - [BIZ] >>>>>>>>>>>>>>>> 当前没有归档任务需要生成
14:52:48.478 [http-nio-8080-exec-2] ERROR o.a.c.c.C.[.[.[.[dispatcherServlet] - [log,175] - Servlet.service() for servlet [dispatcherServlet] in context with path [] threw exception [Request processing failed; nested exception is org.springframework.dao.DataIntegrityViolationException: 
### Error updating database.  Cause: java.sql.SQLException: Field 'source_table' doesn't have a default value
### The error may exist in com/smartlink/archive/infrastructure/db/mapper/ArchiveConfigMapper.java (best guess)
### The error may involve com.smartlink.archive.infrastructure.db.mapper.ArchiveConfigMapper.insert-Inline
### The error occurred while setting parameters
### SQL: INSERT INTO archive_config  ( archive_type, source_host, source_port, source_db,   dest_host, dest_port, dest_db,   archive_mode, charset, archive_condition, exec_time_window_cron, priority,     is_enable,  extension_cmd,  query_sql )  VALUES  ( ?, ?, ?, ?,   ?, ?, ?,   ?, ?, ?, ?, ?,     ?,  ?,  ? )
### Cause: java.sql.SQLException: Field 'source_table' doesn't have a default value
; Field 'source_table' doesn't have a default value; nested exception is java.sql.SQLException: Field 'source_table' doesn't have a default value] with root cause
java.sql.SQLException: Field 'source_table' doesn't have a default value
	at com.mysql.cj.jdbc.exceptions.SQLError.createSQLException(SQLError.java:129)
	at com.mysql.cj.jdbc.exceptions.SQLExceptionsMapping.translateException(SQLExceptionsMapping.java:122)
	at com.mysql.cj.jdbc.ClientPreparedStatement.executeInternal(ClientPreparedStatement.java:916)
	at com.mysql.cj.jdbc.ClientPreparedStatement.execute(ClientPreparedStatement.java:354)
	at com.zaxxer.hikari.pool.ProxyPreparedStatement.execute(ProxyPreparedStatement.java:44)
	at com.zaxxer.hikari.pool.HikariProxyPreparedStatement.execute(HikariProxyPreparedStatement.java)
	at org.apache.ibatis.executor.statement.PreparedStatementHandler.update(PreparedStatementHandler.java:47)
	at org.apache.ibatis.executor.statement.RoutingStatementHandler.update(RoutingStatementHandler.java:74)
	at com.baomidou.mybatisplus.core.executor.MybatisSimpleExecutor.doUpdate(MybatisSimpleExecutor.java:56)
	at org.apache.ibatis.executor.BaseExecutor.update(BaseExecutor.java:117)
	at com.baomidou.mybatisplus.core.executor.MybatisCachingExecutor.update(MybatisCachingExecutor.java:85)
	at org.apache.ibatis.session.defaults.DefaultSqlSession.update(DefaultSqlSession.java:197)
	at org.apache.ibatis.session.defaults.DefaultSqlSession.insert(DefaultSqlSession.java:184)
	at sun.reflect.NativeMethodAccessorImpl.invoke0(Native Method)
	at sun.reflect.NativeMethodAccessorImpl.invoke(NativeMethodAccessorImpl.java:62)
	at sun.reflect.DelegatingMethodAccessorImpl.invoke(DelegatingMethodAccessorImpl.java:43)
	at java.lang.reflect.Method.invoke(Method.java:498)
	at org.mybatis.spring.SqlSessionTemplate$SqlSessionInterceptor.invoke(SqlSessionTemplate.java:426)
	at com.sun.proxy.$Proxy61.insert(Unknown Source)
	at org.mybatis.spring.SqlSessionTemplate.insert(SqlSessionTemplate.java:271)
	at com.baomidou.mybatisplus.core.override.MybatisMapperMethod.execute(MybatisMapperMethod.java:60)
	at com.baomidou.mybatisplus.core.override.MybatisMapperProxy$PlainMethodInvoker.invoke(MybatisMapperProxy.java:148)
	at com.baomidou.mybatisplus.core.override.MybatisMapperProxy.invoke(MybatisMapperProxy.java:89)
	at com.sun.proxy.$Proxy62.insert(Unknown Source)
	at com.baomidou.mybatisplus.extension.service.IService.save(IService.java:63)
	at com.baomidou.mybatisplus.extension.service.impl.ServiceImpl.saveOrUpdate(ServiceImpl.java:164)
	at com.baomidou.mybatisplus.extension.service.impl.ServiceImpl$$FastClassBySpringCGLIB$$76535273.invoke(<generated>)
	at org.springframework.cglib.proxy.MethodProxy.invoke(MethodProxy.java:218)
	at org.springframework.aop.framework.CglibAopProxy$CglibMethodInvocation.invokeJoinpoint(CglibAopProxy.java:771)
	at org.springframework.aop.framework.ReflectiveMethodInvocation.proceed(ReflectiveMethodInvocation.java:163)
	at org.springframework.aop.framework.CglibAopProxy$CglibMethodInvocation.proceed(CglibAopProxy.java:749)
	at org.springframework.transaction.interceptor.TransactionAspectSupport.invokeWithinTransaction(TransactionAspectSupport.java:367)
	at org.springframework.transaction.interceptor.TransactionInterceptor.invoke(TransactionInterceptor.java:118)
	at org.springframework.aop.framework.ReflectiveMethodInvocation.proceed(ReflectiveMethodInvocation.java:186)
	at org.springframework.aop.framework.CglibAopProxy$CglibMethodInvocation.proceed(CglibAopProxy.java:749)
	at org.springframework.aop.framework.CglibAopProxy$DynamicAdvisedInterceptor.intercept(CglibAopProxy.java:691)
	at com.smartlink.archive.infrastructure.db.service.impl.ArchiveConfigServiceImpl$$EnhancerBySpringCGLIB$$f60b5f54.saveOrUpdate(<generated>)
	at com.smartlink.archive.api.ArchiveController.save(ArchiveController.java:50)
	at sun.reflect.NativeMethodAccessorImpl.invoke0(Native Method)
	at sun.reflect.NativeMethodAccessorImpl.invoke(NativeMethodAccessorImpl.java:62)
	at sun.reflect.DelegatingMethodAccessorImpl.invoke(DelegatingMethodAccessorImpl.java:43)
	at java.lang.reflect.Method.invoke(Method.java:498)
	at org.springframework.web.method.support.InvocableHandlerMethod.doInvoke(InvocableHandlerMethod.java:190)
	at org.springframework.web.method.support.InvocableHandlerMethod.invokeForRequest(InvocableHandlerMethod.java:138)
	at org.springframework.web.servlet.mvc.method.annotation.ServletInvocableHandlerMethod.invokeAndHandle(ServletInvocableHandlerMethod.java:105)
	at org.springframework.web.servlet.mvc.method.annotation.RequestMappingHandlerAdapter.invokeHandlerMethod(RequestMappingHandlerAdapter.java:878)
	at org.springframework.web.servlet.mvc.method.annotation.RequestMappingHandlerAdapter.handleInternal(RequestMappingHandlerAdapter.java:792)
	at org.springframework.web.servlet.mvc.method.AbstractHandlerMethodAdapter.handle(AbstractHandlerMethodAdapter.java:87)
	at org.springframework.web.servlet.DispatcherServlet.doDispatch(DispatcherServlet.java:1040)
	at org.springframework.web.servlet.DispatcherServlet.doService(DispatcherServlet.java:943)
	at org.springframework.web.servlet.FrameworkServlet.processRequest(FrameworkServlet.java:1006)
	at org.springframework.web.servlet.FrameworkServlet.doPost(FrameworkServlet.java:909)
	at javax.servlet.http.HttpServlet.service(HttpServlet.java:652)
	at org.springframework.web.servlet.FrameworkServlet.service(FrameworkServlet.java:883)
	at javax.servlet.http.HttpServlet.service(HttpServlet.java:733)
	at org.apache.catalina.core.ApplicationFilterChain.internalDoFilter(ApplicationFilterChain.java:231)
	at org.apache.catalina.core.ApplicationFilterChain.doFilter(ApplicationFilterChain.java:166)
	at org.apache.tomcat.websocket.server.WsFilter.doFilter(WsFilter.java:53)
	at org.apache.catalina.core.ApplicationFilterChain.internalDoFilter(ApplicationFilterChain.java:193)
	at org.apache.catalina.core.ApplicationFilterChain.doFilter(ApplicationFilterChain.java:166)
	at org.springframework.web.filter.RequestContextFilter.doFilterInternal(RequestContextFilter.java:100)
	at org.springframework.web.filter.OncePerRequestFilter.doFilter(OncePerRequestFilter.java:119)
	at org.apache.catalina.core.ApplicationFilterChain.internalDoFilter(ApplicationFilterChain.java:193)
	at org.apache.catalina.core.ApplicationFilterChain.doFilter(ApplicationFilterChain.java:166)
	at org.springframework.web.filter.FormContentFilter.doFilterInternal(FormContentFilter.java:93)
	at org.springframework.web.filter.OncePerRequestFilter.doFilter(OncePerRequestFilter.java:119)
	at org.apache.catalina.core.ApplicationFilterChain.internalDoFilter(ApplicationFilterChain.java:193)
	at org.apache.catalina.core.ApplicationFilterChain.doFilter(ApplicationFilterChain.java:166)
	at org.springframework.web.filter.CharacterEncodingFilter.doFilterInternal(CharacterEncodingFilter.java:201)
	at org.springframework.web.filter.OncePerRequestFilter.doFilter(OncePerRequestFilter.java:119)
	at org.apache.catalina.core.ApplicationFilterChain.internalDoFilter(ApplicationFilterChain.java:193)
	at org.apache.catalina.core.ApplicationFilterChain.doFilter(ApplicationFilterChain.java:166)
	at org.apache.catalina.core.StandardWrapperValve.invoke(StandardWrapperValve.java:202)
	at org.apache.catalina.core.StandardContextValve.invoke(StandardContextValve.java:97)
	at org.apache.catalina.authenticator.AuthenticatorBase.invoke(AuthenticatorBase.java:542)
	at org.apache.catalina.core.StandardHostValve.invoke(StandardHostValve.java:143)
	at org.apache.catalina.valves.ErrorReportValve.invoke(ErrorReportValve.java:92)
	at org.apache.catalina.core.StandardEngineValve.invoke(StandardEngineValve.java:78)
	at org.apache.catalina.connector.CoyoteAdapter.service(CoyoteAdapter.java:343)
	at org.apache.coyote.http11.Http11Processor.service(Http11Processor.java:374)
	at org.apache.coyote.AbstractProcessorLight.process(AbstractProcessorLight.java:65)
	at org.apache.coyote.AbstractProtocol$ConnectionHandler.process(AbstractProtocol.java:888)
	at org.apache.tomcat.util.net.NioEndpoint$SocketProcessor.doRun(NioEndpoint.java:1597)
	at org.apache.tomcat.util.net.SocketProcessorBase.run(SocketProcessorBase.java:49)
	at java.util.concurrent.ThreadPoolExecutor.runWorker(ThreadPoolExecutor.java:1149)
	at java.util.concurrent.ThreadPoolExecutor$Worker.run(ThreadPoolExecutor.java:624)
	at org.apache.tomcat.util.threads.TaskThread$WrappingRunnable.run(TaskThread.java:61)
	at java.lang.Thread.run(Thread.java:748)
14:53:00.378 [scheduling-1] ERROR c.s.a.t.g.GenerateArchiveTasksService - [generateArchiveTasks,65] - [BIZ] >>>>>>>>>>>>>>>> 当前没有归档任务需要生成
14:54:00.213 [scheduling-1] ERROR c.s.a.t.g.GenerateArchiveTasksService - [generateArchiveTasks,65] - [BIZ] >>>>>>>>>>>>>>>> 当前没有归档任务需要生成
14:55:00.164 [scheduling-1] ERROR c.s.a.t.g.GenerateArchiveTasksService - [generateArchiveTasks,65] - [BIZ] >>>>>>>>>>>>>>>> 当前没有归档任务需要生成
14:56:00.237 [scheduling-1] ERROR c.s.a.t.g.GenerateArchiveTasksService - [generateArchiveTasks,65] - [BIZ] >>>>>>>>>>>>>>>> 当前没有归档任务需要生成
14:57:00.215 [scheduling-1] ERROR c.s.a.t.g.GenerateArchiveTasksService - [generateArchiveTasks,65] - [BIZ] >>>>>>>>>>>>>>>> 当前没有归档任务需要生成
14:58:00.156 [scheduling-1] ERROR c.s.a.t.g.GenerateArchiveTasksService - [generateArchiveTasks,65] - [BIZ] >>>>>>>>>>>>>>>> 当前没有归档任务需要生成
14:59:00.185 [scheduling-1] ERROR c.s.a.t.g.GenerateArchiveTasksService - [generateArchiveTasks,65] - [BIZ] >>>>>>>>>>>>>>>> 当前没有归档任务需要生成
15:00:00.191 [scheduling-1] ERROR c.s.a.t.g.GenerateArchiveTasksService - [generateArchiveTasks,65] - [BIZ] >>>>>>>>>>>>>>>> 当前没有归档任务需要生成
15:02:01.072 [scheduling-1] ERROR c.s.a.t.g.GenerateArchiveTasksService - [generateArchiveTasks,65] - [BIZ] >>>>>>>>>>>>>>>> 当前没有归档任务需要生成
15:03:00.218 [scheduling-1] ERROR c.s.a.t.g.GenerateArchiveTasksService - [generateArchiveTasks,65] - [BIZ] >>>>>>>>>>>>>>>> 当前没有归档任务需要生成
15:03:17.500 [ForkJoinPool.commonPool-worker-3] ERROR c.s.a.t.e.ShellCommandActuator - [exec,48] - /System/Library/Frameworks/Python.framework/Versions/2.7/Resources/Python.app/Contents/MacOS/Python: can't open file 'null/bin/datax.py': [Errno 2] No such file or directory

cn.hutool.core.io.IORuntimeException: /System/Library/Frameworks/Python.framework/Versions/2.7/Resources/Python.app/Contents/MacOS/Python: can't open file 'null/bin/datax.py': [Errno 2] No such file or directory

	at com.smartlink.archive.task.execute.ShellCommandActuator.getLogs(ShellCommandActuator.java:130)
	at com.smartlink.archive.task.execute.ShellCommandActuator.exec(ShellCommandActuator.java:46)
	at com.smartlink.archive.task.execute.ExecuteArchiveTasksService.executeShellCmd(ExecuteArchiveTasksService.java:96)
	at com.smartlink.archive.task.execute.ExecuteArchiveTasksService.lambda$executeArchiveTasks$1(ExecuteArchiveTasksService.java:65)
	at java.util.concurrent.CompletableFuture$AsyncSupply.run$$$capture(CompletableFuture.java:1590)
	at java.util.concurrent.CompletableFuture$AsyncSupply.run(CompletableFuture.java)
	at java.util.concurrent.CompletableFuture$AsyncSupply.exec(CompletableFuture.java:1582)
	at java.util.concurrent.ForkJoinTask.doExec$$$capture(ForkJoinTask.java:289)
	at java.util.concurrent.ForkJoinTask.doExec(ForkJoinTask.java)
	at java.util.concurrent.ForkJoinPool$WorkQueue.runTask(ForkJoinPool.java:1056)
	at java.util.concurrent.ForkJoinPool.runWorker(ForkJoinPool.java:1692)
	at java.util.concurrent.ForkJoinWorkerThread.run(ForkJoinWorkerThread.java:157)
15:03:17.503 [ForkJoinPool.commonPool-worker-3] ERROR c.s.a.t.e.ExecuteArchiveTasksService - [executeShellCmd,102] - cn.hutool.core.io.IORuntimeException: /System/Library/Frameworks/Python.framework/Versions/2.7/Resources/Python.app/Contents/MacOS/Python: can't open file 'null/bin/datax.py': [Errno 2] No such file or directory

java.lang.RuntimeException: cn.hutool.core.io.IORuntimeException: /System/Library/Frameworks/Python.framework/Versions/2.7/Resources/Python.app/Contents/MacOS/Python: can't open file 'null/bin/datax.py': [Errno 2] No such file or directory

	at com.smartlink.archive.task.execute.ShellCommandActuator.exec(ShellCommandActuator.java:49)
	at com.smartlink.archive.task.execute.ExecuteArchiveTasksService.executeShellCmd(ExecuteArchiveTasksService.java:96)
	at com.smartlink.archive.task.execute.ExecuteArchiveTasksService.lambda$executeArchiveTasks$1(ExecuteArchiveTasksService.java:65)
	at java.util.concurrent.CompletableFuture$AsyncSupply.run$$$capture(CompletableFuture.java:1590)
	at java.util.concurrent.CompletableFuture$AsyncSupply.run(CompletableFuture.java)
	at java.util.concurrent.CompletableFuture$AsyncSupply.exec(CompletableFuture.java:1582)
	at java.util.concurrent.ForkJoinTask.doExec$$$capture(ForkJoinTask.java:289)
	at java.util.concurrent.ForkJoinTask.doExec(ForkJoinTask.java)
	at java.util.concurrent.ForkJoinPool$WorkQueue.runTask(ForkJoinPool.java:1056)
	at java.util.concurrent.ForkJoinPool.runWorker(ForkJoinPool.java:1692)
	at java.util.concurrent.ForkJoinWorkerThread.run(ForkJoinWorkerThread.java:157)
Caused by: cn.hutool.core.io.IORuntimeException: /System/Library/Frameworks/Python.framework/Versions/2.7/Resources/Python.app/Contents/MacOS/Python: can't open file 'null/bin/datax.py': [Errno 2] No such file or directory

	at com.smartlink.archive.task.execute.ShellCommandActuator.getLogs(ShellCommandActuator.java:130)
	at com.smartlink.archive.task.execute.ShellCommandActuator.exec(ShellCommandActuator.java:46)
	... 10 common frames omitted
15:03:17.522 [ForkJoinPool.commonPool-worker-2] ERROR c.s.a.t.e.ShellCommandActuator - [exec,48] - Can't load '/opt/homebrew/Cellar/percona-toolkit/3.5.5_2/libexec/lib/perl5/darwin-thread-multi-2level/auto/DBI/DBI.bundle' for module DBI: dlopen(/opt/homebrew/Cellar/percona-toolkit/3.5.5_2/libexec/lib/perl5/darwin-thread-multi-2level/auto/DBI/DBI.bundle, 0x0001): tried: '/opt/homebrew/Cellar/percona-toolkit/3.5.5_2/libexec/lib/perl5/darwin-thread-multi-2level/auto/DBI/DBI.bundle' (mach-o file, but is an incompatible architecture (have 'arm64', need 'x86_64')), '/usr/lib/DBI.bundle' (no such file) at /System/Library/Perl/5.30/darwin-thread-multi-2level/DynaLoader.pm line 197.
  at /opt/homebrew/Cellar/percona-toolkit/3.5.5_2/libexec/lib/perl5/darwin-thread-multi-2level/DBI.pm line 284.
BEGIN failed--compilation aborted at /opt/homebrew/Cellar/percona-toolkit/3.5.5_2/libexec/lib/perl5/darwin-thread-multi-2level/DBI.pm line 284.
Compilation failed in require at /opt/homebrew/Cellar/percona-toolkit/3.5.5_2/libexec/bin/pt-archiver line 6171.
BEGIN failed--compilation aborted at /opt/homebrew/Cellar/percona-toolkit/3.5.5_2/libexec/bin/pt-archiver line 6171.

cn.hutool.core.io.IORuntimeException: Can't load '/opt/homebrew/Cellar/percona-toolkit/3.5.5_2/libexec/lib/perl5/darwin-thread-multi-2level/auto/DBI/DBI.bundle' for module DBI: dlopen(/opt/homebrew/Cellar/percona-toolkit/3.5.5_2/libexec/lib/perl5/darwin-thread-multi-2level/auto/DBI/DBI.bundle, 0x0001): tried: '/opt/homebrew/Cellar/percona-toolkit/3.5.5_2/libexec/lib/perl5/darwin-thread-multi-2level/auto/DBI/DBI.bundle' (mach-o file, but is an incompatible architecture (have 'arm64', need 'x86_64')), '/usr/lib/DBI.bundle' (no such file) at /System/Library/Perl/5.30/darwin-thread-multi-2level/DynaLoader.pm line 197.
  at /opt/homebrew/Cellar/percona-toolkit/3.5.5_2/libexec/lib/perl5/darwin-thread-multi-2level/DBI.pm line 284.
BEGIN failed--compilation aborted at /opt/homebrew/Cellar/percona-toolkit/3.5.5_2/libexec/lib/perl5/darwin-thread-multi-2level/DBI.pm line 284.
Compilation failed in require at /opt/homebrew/Cellar/percona-toolkit/3.5.5_2/libexec/bin/pt-archiver line 6171.
BEGIN failed--compilation aborted at /opt/homebrew/Cellar/percona-toolkit/3.5.5_2/libexec/bin/pt-archiver line 6171.

	at com.smartlink.archive.task.execute.ShellCommandActuator.getLogs(ShellCommandActuator.java:130)
	at com.smartlink.archive.task.execute.ShellCommandActuator.exec(ShellCommandActuator.java:46)
	at com.smartlink.archive.task.execute.ExecuteArchiveTasksService.executeShellCmd(ExecuteArchiveTasksService.java:96)
	at com.smartlink.archive.task.execute.ExecuteArchiveTasksService.lambda$executeArchiveTasks$1(ExecuteArchiveTasksService.java:65)
	at java.util.concurrent.CompletableFuture$AsyncSupply.run$$$capture(CompletableFuture.java:1590)
	at java.util.concurrent.CompletableFuture$AsyncSupply.run(CompletableFuture.java)
	at java.util.concurrent.CompletableFuture$AsyncSupply.exec(CompletableFuture.java:1582)
	at java.util.concurrent.ForkJoinTask.doExec$$$capture(ForkJoinTask.java:289)
	at java.util.concurrent.ForkJoinTask.doExec(ForkJoinTask.java)
	at java.util.concurrent.ForkJoinPool$WorkQueue.runTask(ForkJoinPool.java:1056)
	at java.util.concurrent.ForkJoinPool.runWorker(ForkJoinPool.java:1692)
	at java.util.concurrent.ForkJoinWorkerThread.run(ForkJoinWorkerThread.java:157)
15:03:17.526 [ForkJoinPool.commonPool-worker-2] ERROR c.s.a.t.e.ExecuteArchiveTasksService - [executeShellCmd,102] - cn.hutool.core.io.IORuntimeException: Can't load '/opt/homebrew/Cellar/percona-toolkit/3.5.5_2/libexec/lib/perl5/darwin-thread-multi-2level/auto/DBI/DBI.bundle' for module DBI: dlopen(/opt/homebrew/Cellar/percona-toolkit/3.5.5_2/libexec/lib/perl5/darwin-thread-multi-2level/auto/DBI/DBI.bundle, 0x0001): tried: '/opt/homebrew/Cellar/percona-toolkit/3.5.5_2/libexec/lib/perl5/darwin-thread-multi-2level/auto/DBI/DBI.bundle' (mach-o file, but is an incompatible architecture (have 'arm64', need 'x86_64')), '/usr/lib/DBI.bundle' (no such file) at /System/Library/Perl/5.30/darwin-thread-multi-2level/DynaLoader.pm line 197.
  at /opt/homebrew/Cellar/percona-toolkit/3.5.5_2/libexec/lib/perl5/darwin-thread-multi-2level/DBI.pm line 284.
BEGIN failed--compilation aborted at /opt/homebrew/Cellar/percona-toolkit/3.5.5_2/libexec/lib/perl5/darwin-thread-multi-2level/DBI.pm line 284.
Compilation failed in require at /opt/homebrew/Cellar/percona-toolkit/3.5.5_2/libexec/bin/pt-archiver line 6171.
BEGIN failed--compilation aborted at /opt/homebrew/Cellar/percona-toolkit/3.5.5_2/libexec/bin/pt-archiver line 6171.

java.lang.RuntimeException: cn.hutool.core.io.IORuntimeException: Can't load '/opt/homebrew/Cellar/percona-toolkit/3.5.5_2/libexec/lib/perl5/darwin-thread-multi-2level/auto/DBI/DBI.bundle' for module DBI: dlopen(/opt/homebrew/Cellar/percona-toolkit/3.5.5_2/libexec/lib/perl5/darwin-thread-multi-2level/auto/DBI/DBI.bundle, 0x0001): tried: '/opt/homebrew/Cellar/percona-toolkit/3.5.5_2/libexec/lib/perl5/darwin-thread-multi-2level/auto/DBI/DBI.bundle' (mach-o file, but is an incompatible architecture (have 'arm64', need 'x86_64')), '/usr/lib/DBI.bundle' (no such file) at /System/Library/Perl/5.30/darwin-thread-multi-2level/DynaLoader.pm line 197.
  at /opt/homebrew/Cellar/percona-toolkit/3.5.5_2/libexec/lib/perl5/darwin-thread-multi-2level/DBI.pm line 284.
BEGIN failed--compilation aborted at /opt/homebrew/Cellar/percona-toolkit/3.5.5_2/libexec/lib/perl5/darwin-thread-multi-2level/DBI.pm line 284.
Compilation failed in require at /opt/homebrew/Cellar/percona-toolkit/3.5.5_2/libexec/bin/pt-archiver line 6171.
BEGIN failed--compilation aborted at /opt/homebrew/Cellar/percona-toolkit/3.5.5_2/libexec/bin/pt-archiver line 6171.

	at com.smartlink.archive.task.execute.ShellCommandActuator.exec(ShellCommandActuator.java:49)
	at com.smartlink.archive.task.execute.ExecuteArchiveTasksService.executeShellCmd(ExecuteArchiveTasksService.java:96)
	at com.smartlink.archive.task.execute.ExecuteArchiveTasksService.lambda$executeArchiveTasks$1(ExecuteArchiveTasksService.java:65)
	at java.util.concurrent.CompletableFuture$AsyncSupply.run$$$capture(CompletableFuture.java:1590)
	at java.util.concurrent.CompletableFuture$AsyncSupply.run(CompletableFuture.java)
	at java.util.concurrent.CompletableFuture$AsyncSupply.exec(CompletableFuture.java:1582)
	at java.util.concurrent.ForkJoinTask.doExec$$$capture(ForkJoinTask.java:289)
	at java.util.concurrent.ForkJoinTask.doExec(ForkJoinTask.java)
	at java.util.concurrent.ForkJoinPool$WorkQueue.runTask(ForkJoinPool.java:1056)
	at java.util.concurrent.ForkJoinPool.runWorker(ForkJoinPool.java:1692)
	at java.util.concurrent.ForkJoinWorkerThread.run(ForkJoinWorkerThread.java:157)
Caused by: cn.hutool.core.io.IORuntimeException: Can't load '/opt/homebrew/Cellar/percona-toolkit/3.5.5_2/libexec/lib/perl5/darwin-thread-multi-2level/auto/DBI/DBI.bundle' for module DBI: dlopen(/opt/homebrew/Cellar/percona-toolkit/3.5.5_2/libexec/lib/perl5/darwin-thread-multi-2level/auto/DBI/DBI.bundle, 0x0001): tried: '/opt/homebrew/Cellar/percona-toolkit/3.5.5_2/libexec/lib/perl5/darwin-thread-multi-2level/auto/DBI/DBI.bundle' (mach-o file, but is an incompatible architecture (have 'arm64', need 'x86_64')), '/usr/lib/DBI.bundle' (no such file) at /System/Library/Perl/5.30/darwin-thread-multi-2level/DynaLoader.pm line 197.
  at /opt/homebrew/Cellar/percona-toolkit/3.5.5_2/libexec/lib/perl5/darwin-thread-multi-2level/DBI.pm line 284.
BEGIN failed--compilation aborted at /opt/homebrew/Cellar/percona-toolkit/3.5.5_2/libexec/lib/perl5/darwin-thread-multi-2level/DBI.pm line 284.
Compilation failed in require at /opt/homebrew/Cellar/percona-toolkit/3.5.5_2/libexec/bin/pt-archiver line 6171.
BEGIN failed--compilation aborted at /opt/homebrew/Cellar/percona-toolkit/3.5.5_2/libexec/bin/pt-archiver line 6171.

	at com.smartlink.archive.task.execute.ShellCommandActuator.getLogs(ShellCommandActuator.java:130)
	at com.smartlink.archive.task.execute.ShellCommandActuator.exec(ShellCommandActuator.java:46)
	... 10 common frames omitted
15:04:00.193 [scheduling-1] ERROR c.s.a.t.g.GenerateArchiveTasksService - [generateArchiveTasks,65] - [BIZ] >>>>>>>>>>>>>>>> 当前没有归档任务需要生成
15:05:00.191 [scheduling-1] ERROR c.s.a.t.g.GenerateArchiveTasksService - [generateArchiveTasks,65] - [BIZ] >>>>>>>>>>>>>>>> 当前没有归档任务需要生成
15:06:01.012 [scheduling-1] ERROR c.s.a.t.g.GenerateArchiveTasksService - [generateArchiveTasks,65] - [BIZ] >>>>>>>>>>>>>>>> 当前没有归档任务需要生成
15:07:00.214 [scheduling-1] ERROR c.s.a.t.g.GenerateArchiveTasksService - [generateArchiveTasks,65] - [BIZ] >>>>>>>>>>>>>>>> 当前没有归档任务需要生成
15:08:00.259 [scheduling-1] ERROR c.s.a.t.g.GenerateArchiveTasksService - [generateArchiveTasks,65] - [BIZ] >>>>>>>>>>>>>>>> 当前没有归档任务需要生成
15:09:00.186 [scheduling-1] ERROR c.s.a.t.g.GenerateArchiveTasksService - [generateArchiveTasks,65] - [BIZ] >>>>>>>>>>>>>>>> 当前没有归档任务需要生成
15:09:42.441 [ForkJoinPool.commonPool-worker-1] ERROR c.s.a.t.e.ShellCommandActuator - [exec,48] - Wed May 08 15:09:41 GMT+08:00 2024 WARN: Establishing SSL connection without server's identity verification is not recommended. According to MySQL 5.5.45+, 5.6.26+ and 5.7.6+ requirements SSL connection must be established by default if explicit option isn't set. For compliance with existing applications not using SSL the verifyServerCertificate property is set to 'false'. You need either to explicitly disable SSL by setting useSSL=false, or set useSSL=true and provide truststore for server certificate verification.

cn.hutool.core.io.IORuntimeException: Wed May 08 15:09:41 GMT+08:00 2024 WARN: Establishing SSL connection without server's identity verification is not recommended. According to MySQL 5.5.45+, 5.6.26+ and 5.7.6+ requirements SSL connection must be established by default if explicit option isn't set. For compliance with existing applications not using SSL the verifyServerCertificate property is set to 'false'. You need either to explicitly disable SSL by setting useSSL=false, or set useSSL=true and provide truststore for server certificate verification.

	at com.smartlink.archive.task.execute.ShellCommandActuator.getLogs(ShellCommandActuator.java:130)
	at com.smartlink.archive.task.execute.ShellCommandActuator.exec(ShellCommandActuator.java:46)
	at com.smartlink.archive.task.execute.ExecuteArchiveTasksService.executeShellCmd(ExecuteArchiveTasksService.java:96)
	at com.smartlink.archive.task.execute.ExecuteArchiveTasksService.lambda$executeArchiveTasks$1(ExecuteArchiveTasksService.java:65)
	at java.util.concurrent.CompletableFuture$AsyncSupply.run$$$capture(CompletableFuture.java:1590)
	at java.util.concurrent.CompletableFuture$AsyncSupply.run(CompletableFuture.java)
	at java.util.concurrent.CompletableFuture$AsyncSupply.exec(CompletableFuture.java:1582)
	at java.util.concurrent.ForkJoinTask.doExec$$$capture(ForkJoinTask.java:289)
	at java.util.concurrent.ForkJoinTask.doExec(ForkJoinTask.java)
	at java.util.concurrent.ForkJoinPool$WorkQueue.runTask(ForkJoinPool.java:1056)
	at java.util.concurrent.ForkJoinPool.runWorker(ForkJoinPool.java:1692)
	at java.util.concurrent.ForkJoinWorkerThread.run(ForkJoinWorkerThread.java:157)
15:09:42.445 [ForkJoinPool.commonPool-worker-1] ERROR c.s.a.t.e.ExecuteArchiveTasksService - [executeShellCmd,102] - cn.hutool.core.io.IORuntimeException: Wed May 08 15:09:41 GMT+08:00 2024 WARN: Establishing SSL connection without server's identity verification is not recommended. According to MySQL 5.5.45+, 5.6.26+ and 5.7.6+ requirements SSL connection must be established by default if explicit option isn't set. For compliance with existing applications not using SSL the verifyServerCertificate property is set to 'false'. You need either to explicitly disable SSL by setting useSSL=false, or set useSSL=true and provide truststore for server certificate verification.

java.lang.RuntimeException: cn.hutool.core.io.IORuntimeException: Wed May 08 15:09:41 GMT+08:00 2024 WARN: Establishing SSL connection without server's identity verification is not recommended. According to MySQL 5.5.45+, 5.6.26+ and 5.7.6+ requirements SSL connection must be established by default if explicit option isn't set. For compliance with existing applications not using SSL the verifyServerCertificate property is set to 'false'. You need either to explicitly disable SSL by setting useSSL=false, or set useSSL=true and provide truststore for server certificate verification.

	at com.smartlink.archive.task.execute.ShellCommandActuator.exec(ShellCommandActuator.java:49)
	at com.smartlink.archive.task.execute.ExecuteArchiveTasksService.executeShellCmd(ExecuteArchiveTasksService.java:96)
	at com.smartlink.archive.task.execute.ExecuteArchiveTasksService.lambda$executeArchiveTasks$1(ExecuteArchiveTasksService.java:65)
	at java.util.concurrent.CompletableFuture$AsyncSupply.run$$$capture(CompletableFuture.java:1590)
	at java.util.concurrent.CompletableFuture$AsyncSupply.run(CompletableFuture.java)
	at java.util.concurrent.CompletableFuture$AsyncSupply.exec(CompletableFuture.java:1582)
	at java.util.concurrent.ForkJoinTask.doExec$$$capture(ForkJoinTask.java:289)
	at java.util.concurrent.ForkJoinTask.doExec(ForkJoinTask.java)
	at java.util.concurrent.ForkJoinPool$WorkQueue.runTask(ForkJoinPool.java:1056)
	at java.util.concurrent.ForkJoinPool.runWorker(ForkJoinPool.java:1692)
	at java.util.concurrent.ForkJoinWorkerThread.run(ForkJoinWorkerThread.java:157)
Caused by: cn.hutool.core.io.IORuntimeException: Wed May 08 15:09:41 GMT+08:00 2024 WARN: Establishing SSL connection without server's identity verification is not recommended. According to MySQL 5.5.45+, 5.6.26+ and 5.7.6+ requirements SSL connection must be established by default if explicit option isn't set. For compliance with existing applications not using SSL the verifyServerCertificate property is set to 'false'. You need either to explicitly disable SSL by setting useSSL=false, or set useSSL=true and provide truststore for server certificate verification.

	at com.smartlink.archive.task.execute.ShellCommandActuator.getLogs(ShellCommandActuator.java:130)
	at com.smartlink.archive.task.execute.ShellCommandActuator.exec(ShellCommandActuator.java:46)
	... 10 common frames omitted
15:10:00.209 [scheduling-1] ERROR c.s.a.t.g.GenerateArchiveTasksService - [generateArchiveTasks,65] - [BIZ] >>>>>>>>>>>>>>>> 当前没有归档任务需要生成
15:11:00.180 [scheduling-1] ERROR c.s.a.t.g.GenerateArchiveTasksService - [generateArchiveTasks,65] - [BIZ] >>>>>>>>>>>>>>>> 当前没有归档任务需要生成
15:12:00.220 [scheduling-1] ERROR c.s.a.t.g.GenerateArchiveTasksService - [generateArchiveTasks,65] - [BIZ] >>>>>>>>>>>>>>>> 当前没有归档任务需要生成
15:13:00.215 [scheduling-1] ERROR c.s.a.t.g.GenerateArchiveTasksService - [generateArchiveTasks,65] - [BIZ] >>>>>>>>>>>>>>>> 当前没有归档任务需要生成
15:14:00.189 [scheduling-1] ERROR c.s.a.t.g.GenerateArchiveTasksService - [generateArchiveTasks,65] - [BIZ] >>>>>>>>>>>>>>>> 当前没有归档任务需要生成
15:15:00.180 [scheduling-1] ERROR c.s.a.t.g.GenerateArchiveTasksService - [generateArchiveTasks,65] - [BIZ] >>>>>>>>>>>>>>>> 当前没有归档任务需要生成
15:16:00.194 [scheduling-1] ERROR c.s.a.t.g.GenerateArchiveTasksService - [generateArchiveTasks,65] - [BIZ] >>>>>>>>>>>>>>>> 当前没有归档任务需要生成
15:17:00.207 [scheduling-1] ERROR c.s.a.t.g.GenerateArchiveTasksService - [generateArchiveTasks,65] - [BIZ] >>>>>>>>>>>>>>>> 当前没有归档任务需要生成
15:18:00.225 [scheduling-1] ERROR c.s.a.t.g.GenerateArchiveTasksService - [generateArchiveTasks,65] - [BIZ] >>>>>>>>>>>>>>>> 当前没有归档任务需要生成
15:19:00.229 [scheduling-1] ERROR c.s.a.t.g.GenerateArchiveTasksService - [generateArchiveTasks,65] - [BIZ] >>>>>>>>>>>>>>>> 当前没有归档任务需要生成
15:19:19.953 [ForkJoinPool.commonPool-worker-1] ERROR c.s.a.t.e.ShellCommandActuator - [exec,48] - Wed May 08 15:19:09 GMT+08:00 2024 WARN: Establishing SSL connection without server's identity verification is not recommended. According to MySQL 5.5.45+, 5.6.26+ and 5.7.6+ requirements SSL connection must be established by default if explicit option isn't set. For compliance with existing applications not using SSL the verifyServerCertificate property is set to 'false'. You need either to explicitly disable SSL by setting useSSL=false, or set useSSL=true and provide truststore for server certificate verification.
Wed May 08 15:19:09 GMT+08:00 2024 WARN: Establishing SSL connection without server's identity verification is not recommended. According to MySQL 5.5.45+, 5.6.26+ and 5.7.6+ requirements SSL connection must be established by default if explicit option isn't set. For compliance with existing applications not using SSL the verifyServerCertificate property is set to 'false'. You need either to explicitly disable SSL by setting useSSL=false, or set useSSL=true and provide truststore for server certificate verification.

cn.hutool.core.io.IORuntimeException: Wed May 08 15:19:09 GMT+08:00 2024 WARN: Establishing SSL connection without server's identity verification is not recommended. According to MySQL 5.5.45+, 5.6.26+ and 5.7.6+ requirements SSL connection must be established by default if explicit option isn't set. For compliance with existing applications not using SSL the verifyServerCertificate property is set to 'false'. You need either to explicitly disable SSL by setting useSSL=false, or set useSSL=true and provide truststore for server certificate verification.
Wed May 08 15:19:09 GMT+08:00 2024 WARN: Establishing SSL connection without server's identity verification is not recommended. According to MySQL 5.5.45+, 5.6.26+ and 5.7.6+ requirements SSL connection must be established by default if explicit option isn't set. For compliance with existing applications not using SSL the verifyServerCertificate property is set to 'false'. You need either to explicitly disable SSL by setting useSSL=false, or set useSSL=true and provide truststore for server certificate verification.

	at com.smartlink.archive.task.execute.ShellCommandActuator.getLogs(ShellCommandActuator.java:130)
	at com.smartlink.archive.task.execute.ShellCommandActuator.exec(ShellCommandActuator.java:46)
	at com.smartlink.archive.task.execute.ExecuteArchiveTasksService.executeShellCmd(ExecuteArchiveTasksService.java:96)
	at com.smartlink.archive.task.execute.ExecuteArchiveTasksService.lambda$executeArchiveTasks$1(ExecuteArchiveTasksService.java:65)
	at java.util.concurrent.CompletableFuture$AsyncSupply.run$$$capture(CompletableFuture.java:1590)
	at java.util.concurrent.CompletableFuture$AsyncSupply.run(CompletableFuture.java)
	at java.util.concurrent.CompletableFuture$AsyncSupply.exec(CompletableFuture.java:1582)
	at java.util.concurrent.ForkJoinTask.doExec$$$capture(ForkJoinTask.java:289)
	at java.util.concurrent.ForkJoinTask.doExec(ForkJoinTask.java)
	at java.util.concurrent.ForkJoinPool$WorkQueue.runTask(ForkJoinPool.java:1056)
	at java.util.concurrent.ForkJoinPool.runWorker(ForkJoinPool.java:1692)
	at java.util.concurrent.ForkJoinWorkerThread.run(ForkJoinWorkerThread.java:157)
15:19:19.957 [ForkJoinPool.commonPool-worker-1] ERROR c.s.a.t.e.ExecuteArchiveTasksService - [executeShellCmd,102] - cn.hutool.core.io.IORuntimeException: Wed May 08 15:19:09 GMT+08:00 2024 WARN: Establishing SSL connection without server's identity verification is not recommended. According to MySQL 5.5.45+, 5.6.26+ and 5.7.6+ requirements SSL connection must be established by default if explicit option isn't set. For compliance with existing applications not using SSL the verifyServerCertificate property is set to 'false'. You need either to explicitly disable SSL by setting useSSL=false, or set useSSL=true and provide truststore for server certificate verification.
Wed May 08 15:19:09 GMT+08:00 2024 WARN: Establishing SSL connection without server's identity verification is not recommended. According to MySQL 5.5.45+, 5.6.26+ and 5.7.6+ requirements SSL connection must be established by default if explicit option isn't set. For compliance with existing applications not using SSL the verifyServerCertificate property is set to 'false'. You need either to explicitly disable SSL by setting useSSL=false, or set useSSL=true and provide truststore for server certificate verification.

java.lang.RuntimeException: cn.hutool.core.io.IORuntimeException: Wed May 08 15:19:09 GMT+08:00 2024 WARN: Establishing SSL connection without server's identity verification is not recommended. According to MySQL 5.5.45+, 5.6.26+ and 5.7.6+ requirements SSL connection must be established by default if explicit option isn't set. For compliance with existing applications not using SSL the verifyServerCertificate property is set to 'false'. You need either to explicitly disable SSL by setting useSSL=false, or set useSSL=true and provide truststore for server certificate verification.
Wed May 08 15:19:09 GMT+08:00 2024 WARN: Establishing SSL connection without server's identity verification is not recommended. According to MySQL 5.5.45+, 5.6.26+ and 5.7.6+ requirements SSL connection must be established by default if explicit option isn't set. For compliance with existing applications not using SSL the verifyServerCertificate property is set to 'false'. You need either to explicitly disable SSL by setting useSSL=false, or set useSSL=true and provide truststore for server certificate verification.

	at com.smartlink.archive.task.execute.ShellCommandActuator.exec(ShellCommandActuator.java:49)
	at com.smartlink.archive.task.execute.ExecuteArchiveTasksService.executeShellCmd(ExecuteArchiveTasksService.java:96)
	at com.smartlink.archive.task.execute.ExecuteArchiveTasksService.lambda$executeArchiveTasks$1(ExecuteArchiveTasksService.java:65)
	at java.util.concurrent.CompletableFuture$AsyncSupply.run$$$capture(CompletableFuture.java:1590)
	at java.util.concurrent.CompletableFuture$AsyncSupply.run(CompletableFuture.java)
	at java.util.concurrent.CompletableFuture$AsyncSupply.exec(CompletableFuture.java:1582)
	at java.util.concurrent.ForkJoinTask.doExec$$$capture(ForkJoinTask.java:289)
	at java.util.concurrent.ForkJoinTask.doExec(ForkJoinTask.java)
	at java.util.concurrent.ForkJoinPool$WorkQueue.runTask(ForkJoinPool.java:1056)
	at java.util.concurrent.ForkJoinPool.runWorker(ForkJoinPool.java:1692)
	at java.util.concurrent.ForkJoinWorkerThread.run(ForkJoinWorkerThread.java:157)
Caused by: cn.hutool.core.io.IORuntimeException: Wed May 08 15:19:09 GMT+08:00 2024 WARN: Establishing SSL connection without server's identity verification is not recommended. According to MySQL 5.5.45+, 5.6.26+ and 5.7.6+ requirements SSL connection must be established by default if explicit option isn't set. For compliance with existing applications not using SSL the verifyServerCertificate property is set to 'false'. You need either to explicitly disable SSL by setting useSSL=false, or set useSSL=true and provide truststore for server certificate verification.
Wed May 08 15:19:09 GMT+08:00 2024 WARN: Establishing SSL connection without server's identity verification is not recommended. According to MySQL 5.5.45+, 5.6.26+ and 5.7.6+ requirements SSL connection must be established by default if explicit option isn't set. For compliance with existing applications not using SSL the verifyServerCertificate property is set to 'false'. You need either to explicitly disable SSL by setting useSSL=false, or set useSSL=true and provide truststore for server certificate verification.

	at com.smartlink.archive.task.execute.ShellCommandActuator.getLogs(ShellCommandActuator.java:130)
	at com.smartlink.archive.task.execute.ShellCommandActuator.exec(ShellCommandActuator.java:46)
	... 10 common frames omitted
15:20:00.191 [scheduling-1] ERROR c.s.a.t.g.GenerateArchiveTasksService - [generateArchiveTasks,65] - [BIZ] >>>>>>>>>>>>>>>> 当前没有归档任务需要生成
15:21:00.248 [scheduling-1] ERROR c.s.a.t.g.GenerateArchiveTasksService - [generateArchiveTasks,65] - [BIZ] >>>>>>>>>>>>>>>> 当前没有归档任务需要生成
15:22:00.230 [scheduling-1] ERROR c.s.a.t.g.GenerateArchiveTasksService - [generateArchiveTasks,65] - [BIZ] >>>>>>>>>>>>>>>> 当前没有归档任务需要生成
15:23:00.862 [scheduling-1] ERROR c.s.a.t.g.GenerateArchiveTasksService - [generateArchiveTasks,65] - [BIZ] >>>>>>>>>>>>>>>> 当前没有归档任务需要生成
15:24:00.191 [scheduling-1] ERROR c.s.a.t.g.GenerateArchiveTasksService - [generateArchiveTasks,65] - [BIZ] >>>>>>>>>>>>>>>> 当前没有归档任务需要生成
15:25:00.225 [scheduling-1] ERROR c.s.a.t.g.GenerateArchiveTasksService - [generateArchiveTasks,65] - [BIZ] >>>>>>>>>>>>>>>> 当前没有归档任务需要生成
15:26:00.200 [scheduling-1] ERROR c.s.a.t.g.GenerateArchiveTasksService - [generateArchiveTasks,65] - [BIZ] >>>>>>>>>>>>>>>> 当前没有归档任务需要生成
15:27:00.218 [scheduling-1] ERROR c.s.a.t.g.GenerateArchiveTasksService - [generateArchiveTasks,65] - [BIZ] >>>>>>>>>>>>>>>> 当前没有归档任务需要生成
15:28:00.327 [scheduling-1] ERROR c.s.a.t.g.GenerateArchiveTasksService - [generateArchiveTasks,65] - [BIZ] >>>>>>>>>>>>>>>> 当前没有归档任务需要生成
15:29:00.168 [scheduling-1] ERROR c.s.a.t.g.GenerateArchiveTasksService - [generateArchiveTasks,65] - [BIZ] >>>>>>>>>>>>>>>> 当前没有归档任务需要生成
15:30:00.276 [scheduling-1] ERROR c.s.a.t.g.GenerateArchiveTasksService - [generateArchiveTasks,65] - [BIZ] >>>>>>>>>>>>>>>> 当前没有归档任务需要生成
15:31:00.216 [scheduling-1] ERROR c.s.a.t.g.GenerateArchiveTasksService - [generateArchiveTasks,65] - [BIZ] >>>>>>>>>>>>>>>> 当前没有归档任务需要生成
15:32:00.214 [scheduling-1] ERROR c.s.a.t.g.GenerateArchiveTasksService - [generateArchiveTasks,65] - [BIZ] >>>>>>>>>>>>>>>> 当前没有归档任务需要生成
15:33:00.250 [scheduling-1] ERROR c.s.a.t.g.GenerateArchiveTasksService - [generateArchiveTasks,65] - [BIZ] >>>>>>>>>>>>>>>> 当前没有归档任务需要生成
15:34:00.196 [scheduling-1] ERROR c.s.a.t.g.GenerateArchiveTasksService - [generateArchiveTasks,65] - [BIZ] >>>>>>>>>>>>>>>> 当前没有归档任务需要生成
15:35:00.197 [scheduling-1] ERROR c.s.a.t.g.GenerateArchiveTasksService - [generateArchiveTasks,65] - [BIZ] >>>>>>>>>>>>>>>> 当前没有归档任务需要生成
15:36:00.215 [scheduling-1] ERROR c.s.a.t.g.GenerateArchiveTasksService - [generateArchiveTasks,65] - [BIZ] >>>>>>>>>>>>>>>> 当前没有归档任务需要生成
15:37:00.182 [scheduling-1] ERROR c.s.a.t.g.GenerateArchiveTasksService - [generateArchiveTasks,65] - [BIZ] >>>>>>>>>>>>>>>> 当前没有归档任务需要生成
15:38:00.221 [scheduling-1] ERROR c.s.a.t.g.GenerateArchiveTasksService - [generateArchiveTasks,65] - [BIZ] >>>>>>>>>>>>>>>> 当前没有归档任务需要生成
15:39:00.218 [scheduling-1] ERROR c.s.a.t.g.GenerateArchiveTasksService - [generateArchiveTasks,65] - [BIZ] >>>>>>>>>>>>>>>> 当前没有归档任务需要生成
15:40:00.170 [scheduling-1] ERROR c.s.a.t.g.GenerateArchiveTasksService - [generateArchiveTasks,65] - [BIZ] >>>>>>>>>>>>>>>> 当前没有归档任务需要生成
15:41:00.211 [scheduling-1] ERROR c.s.a.t.g.GenerateArchiveTasksService - [generateArchiveTasks,65] - [BIZ] >>>>>>>>>>>>>>>> 当前没有归档任务需要生成
15:42:00.182 [scheduling-1] ERROR c.s.a.t.g.GenerateArchiveTasksService - [generateArchiveTasks,65] - [BIZ] >>>>>>>>>>>>>>>> 当前没有归档任务需要生成
15:43:00.188 [scheduling-1] ERROR c.s.a.t.g.GenerateArchiveTasksService - [generateArchiveTasks,65] - [BIZ] >>>>>>>>>>>>>>>> 当前没有归档任务需要生成
15:44:00.172 [scheduling-1] ERROR c.s.a.t.g.GenerateArchiveTasksService - [generateArchiveTasks,65] - [BIZ] >>>>>>>>>>>>>>>> 当前没有归档任务需要生成
15:45:00.197 [scheduling-1] ERROR c.s.a.t.g.GenerateArchiveTasksService - [generateArchiveTasks,65] - [BIZ] >>>>>>>>>>>>>>>> 当前没有归档任务需要生成
15:46:00.170 [scheduling-1] ERROR c.s.a.t.g.GenerateArchiveTasksService - [generateArchiveTasks,65] - [BIZ] >>>>>>>>>>>>>>>> 当前没有归档任务需要生成
15:47:00.239 [scheduling-1] ERROR c.s.a.t.g.GenerateArchiveTasksService - [generateArchiveTasks,65] - [BIZ] >>>>>>>>>>>>>>>> 当前没有归档任务需要生成
15:48:00.171 [scheduling-1] ERROR c.s.a.t.g.GenerateArchiveTasksService - [generateArchiveTasks,65] - [BIZ] >>>>>>>>>>>>>>>> 当前没有归档任务需要生成
15:49:00.186 [scheduling-1] ERROR c.s.a.t.g.GenerateArchiveTasksService - [generateArchiveTasks,65] - [BIZ] >>>>>>>>>>>>>>>> 当前没有归档任务需要生成
15:50:00.175 [scheduling-1] ERROR c.s.a.t.g.GenerateArchiveTasksService - [generateArchiveTasks,65] - [BIZ] >>>>>>>>>>>>>>>> 当前没有归档任务需要生成
15:51:00.156 [scheduling-1] ERROR c.s.a.t.g.GenerateArchiveTasksService - [generateArchiveTasks,65] - [BIZ] >>>>>>>>>>>>>>>> 当前没有归档任务需要生成
15:52:00.207 [scheduling-1] ERROR c.s.a.t.g.GenerateArchiveTasksService - [generateArchiveTasks,65] - [BIZ] >>>>>>>>>>>>>>>> 当前没有归档任务需要生成
15:53:00.278 [scheduling-1] ERROR c.s.a.t.g.GenerateArchiveTasksService - [generateArchiveTasks,65] - [BIZ] >>>>>>>>>>>>>>>> 当前没有归档任务需要生成
15:54:00.237 [scheduling-1] ERROR c.s.a.t.g.GenerateArchiveTasksService - [generateArchiveTasks,65] - [BIZ] >>>>>>>>>>>>>>>> 当前没有归档任务需要生成
15:55:00.182 [scheduling-1] ERROR c.s.a.t.g.GenerateArchiveTasksService - [generateArchiveTasks,65] - [BIZ] >>>>>>>>>>>>>>>> 当前没有归档任务需要生成
15:56:00.188 [scheduling-1] ERROR c.s.a.t.g.GenerateArchiveTasksService - [generateArchiveTasks,65] - [BIZ] >>>>>>>>>>>>>>>> 当前没有归档任务需要生成
15:57:00.202 [scheduling-1] ERROR c.s.a.t.g.GenerateArchiveTasksService - [generateArchiveTasks,65] - [BIZ] >>>>>>>>>>>>>>>> 当前没有归档任务需要生成
15:58:00.183 [scheduling-1] ERROR c.s.a.t.g.GenerateArchiveTasksService - [generateArchiveTasks,65] - [BIZ] >>>>>>>>>>>>>>>> 当前没有归档任务需要生成
15:59:00.192 [scheduling-1] ERROR c.s.a.t.g.GenerateArchiveTasksService - [generateArchiveTasks,65] - [BIZ] >>>>>>>>>>>>>>>> 当前没有归档任务需要生成
16:00:00.587 [scheduling-1] ERROR c.s.a.t.g.GenerateArchiveTasksService - [generateArchiveTasks,65] - [BIZ] >>>>>>>>>>>>>>>> 当前没有归档任务需要生成
16:01:00.321 [scheduling-1] ERROR c.s.a.t.g.GenerateArchiveTasksService - [generateArchiveTasks,65] - [BIZ] >>>>>>>>>>>>>>>> 当前没有归档任务需要生成
16:02:00.265 [scheduling-1] ERROR c.s.a.t.g.GenerateArchiveTasksService - [generateArchiveTasks,65] - [BIZ] >>>>>>>>>>>>>>>> 当前没有归档任务需要生成
16:03:00.174 [scheduling-1] ERROR c.s.a.t.g.GenerateArchiveTasksService - [generateArchiveTasks,65] - [BIZ] >>>>>>>>>>>>>>>> 当前没有归档任务需要生成
16:04:00.193 [scheduling-1] ERROR c.s.a.t.g.GenerateArchiveTasksService - [generateArchiveTasks,65] - [BIZ] >>>>>>>>>>>>>>>> 当前没有归档任务需要生成
16:05:00.162 [scheduling-1] ERROR c.s.a.t.g.GenerateArchiveTasksService - [generateArchiveTasks,65] - [BIZ] >>>>>>>>>>>>>>>> 当前没有归档任务需要生成
16:06:00.208 [scheduling-1] ERROR c.s.a.t.g.GenerateArchiveTasksService - [generateArchiveTasks,65] - [BIZ] >>>>>>>>>>>>>>>> 当前没有归档任务需要生成
16:07:00.163 [scheduling-1] ERROR c.s.a.t.g.GenerateArchiveTasksService - [generateArchiveTasks,65] - [BIZ] >>>>>>>>>>>>>>>> 当前没有归档任务需要生成
16:08:00.162 [scheduling-1] ERROR c.s.a.t.g.GenerateArchiveTasksService - [generateArchiveTasks,65] - [BIZ] >>>>>>>>>>>>>>>> 当前没有归档任务需要生成
16:09:00.177 [scheduling-1] ERROR c.s.a.t.g.GenerateArchiveTasksService - [generateArchiveTasks,65] - [BIZ] >>>>>>>>>>>>>>>> 当前没有归档任务需要生成
16:10:00.237 [scheduling-1] ERROR c.s.a.t.g.GenerateArchiveTasksService - [generateArchiveTasks,65] - [BIZ] >>>>>>>>>>>>>>>> 当前没有归档任务需要生成
16:11:00.225 [scheduling-1] ERROR c.s.a.t.g.GenerateArchiveTasksService - [generateArchiveTasks,65] - [BIZ] >>>>>>>>>>>>>>>> 当前没有归档任务需要生成
16:12:00.220 [scheduling-1] ERROR c.s.a.t.g.GenerateArchiveTasksService - [generateArchiveTasks,65] - [BIZ] >>>>>>>>>>>>>>>> 当前没有归档任务需要生成
16:13:00.171 [scheduling-1] ERROR c.s.a.t.g.GenerateArchiveTasksService - [generateArchiveTasks,65] - [BIZ] >>>>>>>>>>>>>>>> 当前没有归档任务需要生成
16:14:00.187 [scheduling-1] ERROR c.s.a.t.g.GenerateArchiveTasksService - [generateArchiveTasks,65] - [BIZ] >>>>>>>>>>>>>>>> 当前没有归档任务需要生成
16:15:00.210 [scheduling-1] ERROR c.s.a.t.g.GenerateArchiveTasksService - [generateArchiveTasks,65] - [BIZ] >>>>>>>>>>>>>>>> 当前没有归档任务需要生成
16:16:00.175 [scheduling-1] ERROR c.s.a.t.g.GenerateArchiveTasksService - [generateArchiveTasks,65] - [BIZ] >>>>>>>>>>>>>>>> 当前没有归档任务需要生成
16:17:00.181 [scheduling-1] ERROR c.s.a.t.g.GenerateArchiveTasksService - [generateArchiveTasks,65] - [BIZ] >>>>>>>>>>>>>>>> 当前没有归档任务需要生成
16:18:00.180 [scheduling-1] ERROR c.s.a.t.g.GenerateArchiveTasksService - [generateArchiveTasks,65] - [BIZ] >>>>>>>>>>>>>>>> 当前没有归档任务需要生成
16:19:00.160 [scheduling-1] ERROR c.s.a.t.g.GenerateArchiveTasksService - [generateArchiveTasks,65] - [BIZ] >>>>>>>>>>>>>>>> 当前没有归档任务需要生成
16:20:00.164 [scheduling-1] ERROR c.s.a.t.g.GenerateArchiveTasksService - [generateArchiveTasks,65] - [BIZ] >>>>>>>>>>>>>>>> 当前没有归档任务需要生成
16:21:00.185 [scheduling-1] ERROR c.s.a.t.g.GenerateArchiveTasksService - [generateArchiveTasks,65] - [BIZ] >>>>>>>>>>>>>>>> 当前没有归档任务需要生成
16:22:00.187 [scheduling-1] ERROR c.s.a.t.g.GenerateArchiveTasksService - [generateArchiveTasks,65] - [BIZ] >>>>>>>>>>>>>>>> 当前没有归档任务需要生成
16:23:00.217 [scheduling-1] ERROR c.s.a.t.g.GenerateArchiveTasksService - [generateArchiveTasks,65] - [BIZ] >>>>>>>>>>>>>>>> 当前没有归档任务需要生成
16:24:00.181 [scheduling-1] ERROR c.s.a.t.g.GenerateArchiveTasksService - [generateArchiveTasks,65] - [BIZ] >>>>>>>>>>>>>>>> 当前没有归档任务需要生成
16:25:00.171 [scheduling-1] ERROR c.s.a.t.g.GenerateArchiveTasksService - [generateArchiveTasks,65] - [BIZ] >>>>>>>>>>>>>>>> 当前没有归档任务需要生成
